<?xml version="1.0" encoding="UTF-8"?>
<testng-results ignored="0" total="28" passed="26" failed="2" skipped="0">
  <reporter-output>
  </reporter-output>
  <suite started-at="2026-04-26T06:37:21 IST" name="Default suite" finished-at="2026-04-26T06:44:45 IST" duration-ms="444104">
    <groups>
      <group name="cucumber">
        <method signature="AbstractTestNGCucumberTests.runScenario(io.cucumber.testng.PickleWrapper,io.cucumber.testng.FeatureWrapper)[pri:0, instance:com.myntra.home_menu_runner.HomeMenuPageRunner@81d9a72]" name="runScenario" class="io.cucumber.testng.AbstractTestNGCucumberTests"/>
      </group> <!-- cucumber -->
    </groups>
    <test started-at="2026-04-26T06:37:21 IST" name="Default test" finished-at="2026-04-26T06:44:45 IST" duration-ms="444104">
      <class name="com.myntra.home_menu_runner.HomeMenuPageRunner">
        <test-method is-config="true" signature="setUpClass(org.testng.ITestContext)[pri:0, instance:com.myntra.home_menu_runner.HomeMenuPageRunner@81d9a72]" started-at="2026-04-26T06:37:21 IST" name="setUpClass" finished-at="2026-04-26T06:37:22 IST" duration-ms="271" status="PASS">
          <params>
            <param index="0">
              <value>
                <![CDATA[org.testng.TestRunner@77737e3e]]>
              </value>
            </param>
          </params>
          <reporter-output>
          </reporter-output>
        </test-method> <!-- setUpClass -->
        <test-method signature="runScenario(io.cucumber.testng.PickleWrapper,io.cucumber.testng.FeatureWrapper)[pri:0, instance:com.myntra.home_menu_runner.HomeMenuPageRunner@81d9a72]" started-at="2026-04-26T06:37:22 IST" name="runScenario" description="Runs Cucumber Scenarios" data-provider="scenarios" finished-at="2026-04-26T06:37:35 IST" duration-ms="13287" status="PASS">
          <params>
            <param index="0">
              <value>
                <![CDATA["Verify product added to cart from product details page"]]>
              </value>
            </param>
            <param index="1">
              <value>
                <![CDATA["Cart Page Validation"]]>
              </value>
            </param>
          </params>
          <reporter-output>
          </reporter-output>
        </test-method> <!-- runScenario -->
        <test-method signature="runScenario(io.cucumber.testng.PickleWrapper,io.cucumber.testng.FeatureWrapper)[pri:0, instance:com.myntra.home_menu_runner.HomeMenuPageRunner@81d9a72]" started-at="2026-04-26T06:37:35 IST" name="runScenario" description="Runs Cucumber Scenarios" data-provider="scenarios" finished-at="2026-04-26T06:37:47 IST" duration-ms="11836" status="PASS">
          <params>
            <param index="0">
              <value>
                <![CDATA["Verify product added to cart via product listing page"]]>
              </value>
            </param>
            <param index="1">
              <value>
                <![CDATA["Cart Page Validation"]]>
              </value>
            </param>
          </params>
          <reporter-output>
          </reporter-output>
        </test-method> <!-- runScenario -->
        <test-method signature="runScenario(io.cucumber.testng.PickleWrapper,io.cucumber.testng.FeatureWrapper)[pri:0, instance:com.myntra.home_menu_runner.HomeMenuPageRunner@81d9a72]" started-at="2026-04-26T06:37:47 IST" name="runScenario" description="Runs Cucumber Scenarios" data-provider="scenarios" finished-at="2026-04-26T06:37:54 IST" duration-ms="6835" status="PASS">
          <params>
            <param index="0">
              <value>
                <![CDATA["Verify homepage logo is clickable"]]>
              </value>
            </param>
            <param index="1">
              <value>
                <![CDATA["Myntra Home Page Validation"]]>
              </value>
            </param>
          </params>
          <reporter-output>
          </reporter-output>
        </test-method> <!-- runScenario -->
        <test-method signature="runScenario(io.cucumber.testng.PickleWrapper,io.cucumber.testng.FeatureWrapper)[pri:0, instance:com.myntra.home_menu_runner.HomeMenuPageRunner@81d9a72]" started-at="2026-04-26T06:37:54 IST" name="runScenario" description="Runs Cucumber Scenarios" data-provider="scenarios" finished-at="2026-04-26T06:38:05 IST" duration-ms="11248" status="PASS">
          <params>
            <param index="0">
              <value>
                <![CDATA["Verify logo click after search"]]>
              </value>
            </param>
            <param index="1">
              <value>
                <![CDATA["Myntra Home Page Validation"]]>
              </value>
            </param>
          </params>
          <reporter-output>
          </reporter-output>
        </test-method> <!-- runScenario -->
        <test-method signature="runScenario(io.cucumber.testng.PickleWrapper,io.cucumber.testng.FeatureWrapper)[pri:0, instance:com.myntra.home_menu_runner.HomeMenuPageRunner@81d9a72]" started-at="2026-04-26T06:38:05 IST" name="runScenario" description="Runs Cucumber Scenarios" data-provider="scenarios" finished-at="2026-04-26T06:38:15 IST" duration-ms="9684" status="PASS">
          <params>
            <param index="0">
              <value>
                <![CDATA["Verify search results load"]]>
              </value>
            </param>
            <param index="1">
              <value>
                <![CDATA["Myntra Home Page Validation"]]>
              </value>
            </param>
          </params>
          <reporter-output>
          </reporter-output>
        </test-method> <!-- runScenario -->
        <test-method signature="runScenario(io.cucumber.testng.PickleWrapper,io.cucumber.testng.FeatureWrapper)[pri:0, instance:com.myntra.home_menu_runner.HomeMenuPageRunner@81d9a72]" started-at="2026-04-26T06:38:15 IST" name="runScenario" description="Runs Cucumber Scenarios" data-provider="scenarios" finished-at="2026-04-26T06:38:24 IST" duration-ms="9112" status="PASS">
          <params>
            <param index="0">
              <value>
                <![CDATA["Verify search with invalid product"]]>
              </value>
            </param>
            <param index="1">
              <value>
                <![CDATA["Myntra Home Page Validation"]]>
              </value>
            </param>
          </params>
          <reporter-output>
          </reporter-output>
        </test-method> <!-- runScenario -->
        <test-method signature="runScenario(io.cucumber.testng.PickleWrapper,io.cucumber.testng.FeatureWrapper)[pri:0, instance:com.myntra.home_menu_runner.HomeMenuPageRunner@81d9a72]" started-at="2026-04-26T06:38:24 IST" name="runScenario" description="Runs Cucumber Scenarios" data-provider="scenarios" finished-at="2026-04-26T06:38:35 IST" duration-ms="11129" status="PASS">
          <params>
            <param index="0">
              <value>
                <![CDATA["Verify home page Functionalty"]]>
              </value>
            </param>
            <param index="1">
              <value>
                <![CDATA["Myntra Home Page Validation"]]>
              </value>
            </param>
          </params>
          <reporter-output>
          </reporter-output>
        </test-method> <!-- runScenario -->
        <test-method signature="runScenario(io.cucumber.testng.PickleWrapper,io.cucumber.testng.FeatureWrapper)[pri:0, instance:com.myntra.home_menu_runner.HomeMenuPageRunner@81d9a72]" started-at="2026-04-26T06:38:35 IST" name="runScenario" description="Runs Cucumber Scenarios" data-provider="scenarios" finished-at="2026-04-26T06:38:43 IST" duration-ms="7988" status="PASS">
          <params>
            <param index="0">
              <value>
                <![CDATA["Verify user navigates to PDP via PLP"]]>
              </value>
            </param>
            <param index="1">
              <value>
                <![CDATA["Product Details Page Validation As a user I want to view product details So that I can verify product information before purchase"]]>
              </value>
            </param>
          </params>
          <reporter-output>
          </reporter-output>
        </test-method> <!-- runScenario -->
        <test-method signature="runScenario(io.cucumber.testng.PickleWrapper,io.cucumber.testng.FeatureWrapper)[pri:0, instance:com.myntra.home_menu_runner.HomeMenuPageRunner@81d9a72]" started-at="2026-04-26T06:38:43 IST" name="runScenario" description="Runs Cucumber Scenarios" data-provider="scenarios" finished-at="2026-04-26T06:38:51 IST" duration-ms="8486" status="PASS">
          <params>
            <param index="0">
              <value>
                <![CDATA["Verify product name is displayed"]]>
              </value>
            </param>
            <param index="1">
              <value>
                <![CDATA["Product Details Page Validation As a user I want to view product details So that I can verify product information before purchase"]]>
              </value>
            </param>
          </params>
          <reporter-output>
          </reporter-output>
        </test-method> <!-- runScenario -->
        <test-method signature="runScenario(io.cucumber.testng.PickleWrapper,io.cucumber.testng.FeatureWrapper)[pri:0, instance:com.myntra.home_menu_runner.HomeMenuPageRunner@81d9a72]" started-at="2026-04-26T06:38:51 IST" name="runScenario" description="Runs Cucumber Scenarios" data-provider="scenarios" finished-at="2026-04-26T06:39:00 IST" duration-ms="8426" status="PASS">
          <params>
            <param index="0">
              <value>
                <![CDATA["Verify product image is displayed"]]>
              </value>
            </param>
            <param index="1">
              <value>
                <![CDATA["Product Details Page Validation As a user I want to view product details So that I can verify product information before purchase"]]>
              </value>
            </param>
          </params>
          <reporter-output>
          </reporter-output>
        </test-method> <!-- runScenario -->
        <test-method signature="runScenario(io.cucumber.testng.PickleWrapper,io.cucumber.testng.FeatureWrapper)[pri:0, instance:com.myntra.home_menu_runner.HomeMenuPageRunner@81d9a72]" started-at="2026-04-26T06:39:00 IST" name="runScenario" description="Runs Cucumber Scenarios" data-provider="scenarios" finished-at="2026-04-26T06:39:08 IST" duration-ms="8563" status="PASS">
          <params>
            <param index="0">
              <value>
                <![CDATA["Verify product price is displayed"]]>
              </value>
            </param>
            <param index="1">
              <value>
                <![CDATA["Product Details Page Validation As a user I want to view product details So that I can verify product information before purchase"]]>
              </value>
            </param>
          </params>
          <reporter-output>
          </reporter-output>
        </test-method> <!-- runScenario -->
        <test-method signature="runScenario(io.cucumber.testng.PickleWrapper,io.cucumber.testng.FeatureWrapper)[pri:0, instance:com.myntra.home_menu_runner.HomeMenuPageRunner@81d9a72]" started-at="2026-04-26T06:39:08 IST" name="runScenario" description="Runs Cucumber Scenarios" data-provider="scenarios" finished-at="2026-04-26T06:39:18 IST" duration-ms="9614" status="PASS">
          <params>
            <param index="0">
              <value>
                <![CDATA["Verify product description is displayed"]]>
              </value>
            </param>
            <param index="1">
              <value>
                <![CDATA["Product Details Page Validation As a user I want to view product details So that I can verify product information before purchase"]]>
              </value>
            </param>
          </params>
          <reporter-output>
          </reporter-output>
        </test-method> <!-- runScenario -->
        <test-method signature="runScenario(io.cucumber.testng.PickleWrapper,io.cucumber.testng.FeatureWrapper)[pri:0, instance:com.myntra.home_menu_runner.HomeMenuPageRunner@81d9a72]" started-at="2026-04-26T06:39:18 IST" name="runScenario" description="Runs Cucumber Scenarios" data-provider="scenarios" finished-at="2026-04-26T06:39:27 IST" duration-ms="9369" status="PASS">
          <params>
            <param index="0">
              <value>
                <![CDATA["Verify Add to Bag button is enabled"]]>
              </value>
            </param>
            <param index="1">
              <value>
                <![CDATA["Product Details Page Validation As a user I want to view product details So that I can verify product information before purchase"]]>
              </value>
            </param>
          </params>
          <reporter-output>
          </reporter-output>
        </test-method> <!-- runScenario -->
        <test-method signature="runScenario(io.cucumber.testng.PickleWrapper,io.cucumber.testng.FeatureWrapper)[pri:0, instance:com.myntra.home_menu_runner.HomeMenuPageRunner@81d9a72]" started-at="2026-04-26T06:39:27 IST" name="runScenario" description="Runs Cucumber Scenarios" data-provider="scenarios" finished-at="2026-04-26T06:39:37 IST" duration-ms="9444" status="PASS">
          <params>
            <param index="0">
              <value>
                <![CDATA["Verify delivery validation for pincode"]]>
              </value>
            </param>
            <param index="1">
              <value>
                <![CDATA["Product Details Page Validation As a user I want to view product details So that I can verify product information before purchase"]]>
              </value>
            </param>
          </params>
          <reporter-output>
          </reporter-output>
        </test-method> <!-- runScenario -->
        <test-method signature="runScenario(io.cucumber.testng.PickleWrapper,io.cucumber.testng.FeatureWrapper)[pri:0, instance:com.myntra.home_menu_runner.HomeMenuPageRunner@81d9a72]" started-at="2026-04-26T06:39:37 IST" name="runScenario" description="Runs Cucumber Scenarios" data-provider="scenarios" finished-at="2026-04-26T06:40:47 IST" duration-ms="70338" status="PASS">
          <params>
            <param index="0">
              <value>
                <![CDATA["Verify delivery validation for pincode"]]>
              </value>
            </param>
            <param index="1">
              <value>
                <![CDATA["Product Details Page Validation As a user I want to view product details So that I can verify product information before purchase"]]>
              </value>
            </param>
          </params>
          <reporter-output>
          </reporter-output>
        </test-method> <!-- runScenario -->
        <test-method signature="runScenario(io.cucumber.testng.PickleWrapper,io.cucumber.testng.FeatureWrapper)[pri:0, instance:com.myntra.home_menu_runner.HomeMenuPageRunner@81d9a72]" started-at="2026-04-26T06:40:47 IST" name="runScenario" description="Runs Cucumber Scenarios" data-provider="scenarios" finished-at="2026-04-26T06:41:55 IST" duration-ms="68174" status="PASS">
          <params>
            <param index="0">
              <value>
                <![CDATA["Verify delivery validation for pincode"]]>
              </value>
            </param>
            <param index="1">
              <value>
                <![CDATA["Product Details Page Validation As a user I want to view product details So that I can verify product information before purchase"]]>
              </value>
            </param>
          </params>
          <reporter-output>
          </reporter-output>
        </test-method> <!-- runScenario -->
        <test-method signature="runScenario(io.cucumber.testng.PickleWrapper,io.cucumber.testng.FeatureWrapper)[pri:0, instance:com.myntra.home_menu_runner.HomeMenuPageRunner@81d9a72]" started-at="2026-04-26T06:41:55 IST" name="runScenario" description="Runs Cucumber Scenarios" data-provider="scenarios" finished-at="2026-04-26T06:43:04 IST" duration-ms="68691" status="PASS">
          <params>
            <param index="0">
              <value>
                <![CDATA["Verify delivery validation for pincode"]]>
              </value>
            </param>
            <param index="1">
              <value>
                <![CDATA["Product Details Page Validation As a user I want to view product details So that I can verify product information before purchase"]]>
              </value>
            </param>
          </params>
          <reporter-output>
          </reporter-output>
        </test-method> <!-- runScenario -->
        <test-method signature="runScenario(io.cucumber.testng.PickleWrapper,io.cucumber.testng.FeatureWrapper)[pri:0, instance:com.myntra.home_menu_runner.HomeMenuPageRunner@81d9a72]" started-at="2026-04-26T06:43:04 IST" name="runScenario" description="Runs Cucumber Scenarios" data-provider="scenarios" finished-at="2026-04-26T06:43:13 IST" duration-ms="8683" status="PASS">
          <params>
            <param index="0">
              <value>
                <![CDATA["Verify product details (brand, name, price)"]]>
              </value>
            </param>
            <param index="1">
              <value>
                <![CDATA["Product Details Page Validation As a user I want to view product details So that I can verify product information before purchase"]]>
              </value>
            </param>
          </params>
          <reporter-output>
          </reporter-output>
        </test-method> <!-- runScenario -->
        <test-method signature="runScenario(io.cucumber.testng.PickleWrapper,io.cucumber.testng.FeatureWrapper)[pri:0, instance:com.myntra.home_menu_runner.HomeMenuPageRunner@81d9a72]" started-at="2026-04-26T06:43:13 IST" name="runScenario" description="Runs Cucumber Scenarios" data-provider="scenarios" finished-at="2026-04-26T06:43:20 IST" duration-ms="7627" status="PASS">
          <params>
            <param index="0">
              <value>
                <![CDATA["Verify product image is not broken"]]>
              </value>
            </param>
            <param index="1">
              <value>
                <![CDATA["Product Details Page Validation As a user I want to view product details So that I can verify product information before purchase"]]>
              </value>
            </param>
          </params>
          <reporter-output>
          </reporter-output>
        </test-method> <!-- runScenario -->
        <test-method signature="runScenario(io.cucumber.testng.PickleWrapper,io.cucumber.testng.FeatureWrapper)[pri:0, instance:com.myntra.home_menu_runner.HomeMenuPageRunner@81d9a72]" started-at="2026-04-26T06:43:20 IST" name="runScenario" description="Runs Cucumber Scenarios" data-provider="scenarios" finished-at="2026-04-26T06:43:32 IST" duration-ms="11466" status="PASS">
          <params>
            <param index="0">
              <value>
                <![CDATA["Verify product price is valid"]]>
              </value>
            </param>
            <param index="1">
              <value>
                <![CDATA["Product Details Page Validation As a user I want to view product details So that I can verify product information before purchase"]]>
              </value>
            </param>
          </params>
          <reporter-output>
          </reporter-output>
        </test-method> <!-- runScenario -->
        <test-method signature="runScenario(io.cucumber.testng.PickleWrapper,io.cucumber.testng.FeatureWrapper)[pri:0, instance:com.myntra.home_menu_runner.HomeMenuPageRunner@81d9a72]" started-at="2026-04-26T06:43:32 IST" name="runScenario" description="Runs Cucumber Scenarios" data-provider="scenarios" finished-at="2026-04-26T06:43:42 IST" duration-ms="10332" status="FAIL">
          <params>
            <param index="0">
              <value>
                <![CDATA["Verify product description availability"]]>
              </value>
            </param>
            <param index="1">
              <value>
                <![CDATA["Product Details Page Validation As a user I want to view product details So that I can verify product information before purchase"]]>
              </value>
            </param>
          </params>
          <exception class="java.lang.AssertionError">
            <message>
              <![CDATA[expected [true] but found [false]]]>
            </message>
            <full-stacktrace>
              <![CDATA[java.lang.AssertionError: expected [true] but found [false]
at org.testng.Assert.fail(Assert.java:111)
at org.testng.Assert.failNotEquals(Assert.java:1590)
at org.testng.Assert.assertTrue(Assert.java:57)
at org.testng.Assert.assertTrue(Assert.java:67)
at com.myntra.stepdefinitions.ProductDetailsPageSteps.verify_description_available(ProductDetailsPageSteps.java:83)
at ✽.Product description or specifications should be available(file:///D:/sapnadocuments/projectFrameworkbck/final22TestCases/myntra_project/src/test/resources/Features/ProductDetailsPage.feature:56)
]]>
            </full-stacktrace>
          </exception> <!-- java.lang.AssertionError -->
          <reporter-output>
          </reporter-output>
        </test-method> <!-- runScenario -->
        <test-method signature="runScenario(io.cucumber.testng.PickleWrapper,io.cucumber.testng.FeatureWrapper)[pri:0, instance:com.myntra.home_menu_runner.HomeMenuPageRunner@81d9a72]" started-at="2026-04-26T06:43:42 IST" name="runScenario" description="Runs Cucumber Scenarios" data-provider="scenarios" finished-at="2026-04-26T06:43:53 IST" duration-ms="10585" status="PASS">
          <params>
            <param index="0">
              <value>
                <![CDATA["Verify category filter for products"]]>
              </value>
            </param>
            <param index="1">
              <value>
                <![CDATA["Myntra Product Filter Validation"]]>
              </value>
            </param>
          </params>
          <reporter-output>
          </reporter-output>
        </test-method> <!-- runScenario -->
        <test-method signature="runScenario(io.cucumber.testng.PickleWrapper,io.cucumber.testng.FeatureWrapper)[pri:0, instance:com.myntra.home_menu_runner.HomeMenuPageRunner@81d9a72]" started-at="2026-04-26T06:43:53 IST" name="runScenario" description="Runs Cucumber Scenarios" data-provider="scenarios" finished-at="2026-04-26T06:44:03 IST" duration-ms="10389" status="PASS">
          <params>
            <param index="0">
              <value>
                <![CDATA["Verify category filter for products"]]>
              </value>
            </param>
            <param index="1">
              <value>
                <![CDATA["Myntra Product Filter Validation"]]>
              </value>
            </param>
          </params>
          <reporter-output>
          </reporter-output>
        </test-method> <!-- runScenario -->
        <test-method signature="runScenario(io.cucumber.testng.PickleWrapper,io.cucumber.testng.FeatureWrapper)[pri:0, instance:com.myntra.home_menu_runner.HomeMenuPageRunner@81d9a72]" started-at="2026-04-26T06:44:03 IST" name="runScenario" description="Runs Cucumber Scenarios" data-provider="scenarios" finished-at="2026-04-26T06:44:12 IST" duration-ms="8647" status="PASS">
          <params>
            <param index="0">
              <value>
                <![CDATA["Verify category filter for products"]]>
              </value>
            </param>
            <param index="1">
              <value>
                <![CDATA["Myntra Product Filter Validation"]]>
              </value>
            </param>
          </params>
          <reporter-output>
          </reporter-output>
        </test-method> <!-- runScenario -->
        <test-method signature="runScenario(io.cucumber.testng.PickleWrapper,io.cucumber.testng.FeatureWrapper)[pri:0, instance:com.myntra.home_menu_runner.HomeMenuPageRunner@81d9a72]" started-at="2026-04-26T06:44:12 IST" name="runScenario" description="Runs Cucumber Scenarios" data-provider="scenarios" finished-at="2026-04-26T06:44:20 IST" duration-ms="8781" status="PASS">
          <params>
            <param index="0">
              <value>
                <![CDATA["Verify brand filter for products"]]>
              </value>
            </param>
            <param index="1">
              <value>
                <![CDATA["Myntra Product Filter Validation"]]>
              </value>
            </param>
          </params>
          <reporter-output>
          </reporter-output>
        </test-method> <!-- runScenario -->
        <test-method signature="runScenario(io.cucumber.testng.PickleWrapper,io.cucumber.testng.FeatureWrapper)[pri:0, instance:com.myntra.home_menu_runner.HomeMenuPageRunner@81d9a72]" started-at="2026-04-26T06:44:20 IST" name="runScenario" description="Runs Cucumber Scenarios" data-provider="scenarios" finished-at="2026-04-26T06:44:31 IST" duration-ms="10646" status="PASS">
          <params>
            <param index="0">
              <value>
                <![CDATA["Verify price filter for products"]]>
              </value>
            </param>
            <param index="1">
              <value>
                <![CDATA["Myntra Product Filter Validation"]]>
              </value>
            </param>
          </params>
          <reporter-output>
          </reporter-output>
        </test-method> <!-- runScenario -->
        <test-method signature="runScenario(io.cucumber.testng.PickleWrapper,io.cucumber.testng.FeatureWrapper)[pri:0, instance:com.myntra.home_menu_runner.HomeMenuPageRunner@81d9a72]" started-at="2026-04-26T06:44:31 IST" name="runScenario" description="Runs Cucumber Scenarios" data-provider="scenarios" finished-at="2026-04-26T06:44:39 IST" duration-ms="8322" status="PASS">
          <params>
            <param index="0">
              <value>
                <![CDATA["Verify color filter for products"]]>
              </value>
            </param>
            <param index="1">
              <value>
                <![CDATA["Myntra Product Filter Validation"]]>
              </value>
            </param>
          </params>
          <reporter-output>
          </reporter-output>
        </test-method> <!-- runScenario -->
        <test-method signature="runScenario(io.cucumber.testng.PickleWrapper,io.cucumber.testng.FeatureWrapper)[pri:0, instance:com.myntra.home_menu_runner.HomeMenuPageRunner@81d9a72]" started-at="2026-04-26T06:44:39 IST" name="runScenario" description="Runs Cucumber Scenarios" data-provider="scenarios" finished-at="2026-04-26T06:44:45 IST" duration-ms="5967" status="FAIL">
          <params>
            <param index="0">
              <value>
                <![CDATA["Verify product listing end to end flow"]]>
              </value>
            </param>
            <param index="1">
              <value>
                <![CDATA["Product Listing Page Validation"]]>
              </value>
            </param>
          </params>
          <exception class="org.openqa.selenium.NoSuchSessionException">
            <message>
              <![CDATA[Session ID is null. Using WebDriver after calling quit()?
Build info: version: '4.38.0', revision: '6b412e825c*'
System info: os.name: 'Windows 11', os.arch: 'amd64', os.version: '10.0', java.version: '21.0.9'
Driver info: org.openqa.selenium.chrome.ChromeDriver
Command: [null, findElement {value=//li[contains(@class,'product-base')], using=xpath}]
Capabilities {acceptInsecureCerts: false, browserName: chrome, browserVersion: 147.0.7727.102, chrome: {chromedriverVersion: 147.0.7727.117 (474cc805edd..., userDataDir: C:\Users\Hp\AppData\Local\T...}, fedcm:accounts: true, goog:chromeOptions: {debuggerAddress: localhost:57297}, goog:processID: 17512, networkConnectionEnabled: false, pageLoadStrategy: normal, platformName: windows, proxy: Proxy(), se:cdp: ws://localhost:57297/devtoo..., se:cdpVersion: 147.0.7727.102, setWindowRect: true, strictFileInteractability: false, timeouts: {implicit: 0, pageLoad: 300000, script: 30000}, unhandledPromptBehavior: dismiss and notify, webauthn:extension:credBlob: true, webauthn:extension:largeBlob: true, webauthn:extension:minPinLength: true, webauthn:extension:prf: true, webauthn:virtualAuthenticators: true}]]>
            </message>
            <full-stacktrace>
              <![CDATA[org.openqa.selenium.NoSuchSessionException: Session ID is null. Using WebDriver after calling quit()?
Build info: version: '4.38.0', revision: '6b412e825c*'
System info: os.name: 'Windows 11', os.arch: 'amd64', os.version: '10.0', java.version: '21.0.9'
Driver info: org.openqa.selenium.chrome.ChromeDriver
Command: [null, findElement {value=//li[contains(@class,'product-base')], using=xpath}]
Capabilities {acceptInsecureCerts: false, browserName: chrome, browserVersion: 147.0.7727.102, chrome: {chromedriverVersion: 147.0.7727.117 (474cc805edd..., userDataDir: C:\Users\Hp\AppData\Local\T...}, fedcm:accounts: true, goog:chromeOptions: {debuggerAddress: localhost:57297}, goog:processID: 17512, networkConnectionEnabled: false, pageLoadStrategy: normal, platformName: windows, proxy: Proxy(), se:cdp: ws://localhost:57297/devtoo..., se:cdpVersion: 147.0.7727.102, setWindowRect: true, strictFileInteractability: false, timeouts: {implicit: 0, pageLoad: 300000, script: 30000}, unhandledPromptBehavior: dismiss and notify, webauthn:extension:credBlob: true, webauthn:extension:largeBlob: true, webauthn:extension:minPinLength: true, webauthn:extension:prf: true, webauthn:virtualAuthenticators: true}
at org.openqa.selenium.remote.HttpCommandExecutor.execute(HttpCommandExecutor.java:176)
at org.openqa.selenium.remote.service.DriverCommandExecutor.invokeExecute(DriverCommandExecutor.java:216)
at org.openqa.selenium.remote.service.DriverCommandExecutor.execute(DriverCommandExecutor.java:174)
at org.openqa.selenium.remote.RemoteWebDriver.execute(RemoteWebDriver.java:557)
at org.openqa.selenium.remote.ElementLocation$ElementFinder$2.findElement(ElementLocation.java:165)
at org.openqa.selenium.remote.ElementLocation.findElement(ElementLocation.java:59)
at org.openqa.selenium.remote.RemoteWebDriver.findElement(RemoteWebDriver.java:380)
at org.openqa.selenium.remote.RemoteWebDriver.findElement(RemoteWebDriver.java:374)
at org.openqa.selenium.support.ui.ExpectedConditions$6.apply(ExpectedConditions.java:174)
at org.openqa.selenium.support.ui.ExpectedConditions$6.apply(ExpectedConditions.java:171)
at org.openqa.selenium.support.ui.FluentWait.until(FluentWait.java:203)
at com.myntra.utils.WaitFor.presenceOfElementLocated(WaitFor.java:73)
at com.myntra.homemenupages.ProductListingPage.getTotalProductCount(ProductListingPage.java:58)
at com.myntra.stepdefinitions.ProductListingPageSteps.verify_products_loaded(ProductListingPageSteps.java:46)
at ✽.Product listing page should display products(file:///D:/sapnadocuments/projectFrameworkbck/final22TestCases/myntra_project/src/test/resources/Features/ProductListingPage.feature:9)
]]>
            </full-stacktrace>
          </exception> <!-- org.openqa.selenium.NoSuchSessionException -->
          <reporter-output>
          </reporter-output>
        </test-method> <!-- runScenario -->
        <test-method is-config="true" signature="tearDownClass()[pri:0, instance:com.myntra.home_menu_runner.HomeMenuPageRunner@81d9a72]" started-at="2026-04-26T06:44:45 IST" name="tearDownClass" finished-at="2026-04-26T06:44:45 IST" duration-ms="12" status="PASS">
          <reporter-output>
          </reporter-output>
        </test-method> <!-- tearDownClass -->
      </class> <!-- com.myntra.home_menu_runner.HomeMenuPageRunner -->
    </test> <!-- Default test -->
  </suite> <!-- Default suite -->
</testng-results>
