<?xml version="1.0" encoding="UTF-8"?>
<!-- Generated by org.testng.reporters.JUnitReportReporter -->
<testsuite hostname="DESKTOP-V2FPCC7" failures="1" tests="6" name="com.myntra.home_menu_runner.productFilterPageRunner" time="59.707" errors="1" timestamp="2026-04-23T15:11:07 IST" skipped="0">
  <testcase classname="com.myntra.home_menu_runner.productFilterPageRunner" name="runScenario" time="10.913"/>
  <testcase classname="com.myntra.home_menu_runner.productFilterPageRunner" name="runScenario" time="7.187"/>
  <testcase classname="com.myntra.home_menu_runner.productFilterPageRunner" name="runScenario" time="11.005">
    <error message="stale element reference: stale element not found in the current frame
  (Session info: chrome=147.0.7727.102)
For documentation on this error, please visit: https://www.selenium.dev/documentation/webdriver/troubleshooting/errors#staleelementreferenceexception
Build info: version: &#039;4.38.0&#039;, revision: &#039;6b412e825c*&#039;
System info: os.name: &#039;Windows 11&#039;, os.arch: &#039;amd64&#039;, os.version: &#039;10.0&#039;, java.version: &#039;21.0.9&#039;
Driver info: org.openqa.selenium.chrome.ChromeDriver
Command: [31120d101820988a553243b70382727b, getElementText {id=f.97F16A0BB8DEB02142BF939FDB501ED7.d.8BC964F0F97D99E38FD096DA9300AFCC.e.361}]
Capabilities {acceptInsecureCerts: false, browserName: chrome, browserVersion: 147.0.7727.102, chrome: {chromedriverVersion: 147.0.7727.117 (474cc805edd..., userDataDir: C:\Users\Hp\AppData\Local\T...}, fedcm:accounts: true, goog:chromeOptions: {debuggerAddress: localhost:61696}, goog:processID: 33012, networkConnectionEnabled: false, pageLoadStrategy: normal, platformName: windows, proxy: Proxy(), se:cdp: ws://localhost:61696/devtoo..., se:cdpVersion: 147.0.7727.102, setWindowRect: true, strictFileInteractability: false, timeouts: {implicit: 0, pageLoad: 300000, script: 30000}, unhandledPromptBehavior: dismiss and notify, webauthn:extension:credBlob: true, webauthn:extension:largeBlob: true, webauthn:extension:minPinLength: true, webauthn:extension:prf: true, webauthn:virtualAuthenticators: true}
Element: [[ChromeDriver: chrome on windows (31120d101820988a553243b70382727b)] -&gt; xpath: //span[@class=&#039;product-discountedPrice&#039;]]
Session ID: 31120d101820988a553243b70382727b" type="org.openqa.selenium.StaleElementReferenceException">
      <![CDATA[org.openqa.selenium.StaleElementReferenceException: stale element reference: stale element not found in the current frame
  (Session info: chrome=147.0.7727.102)
For documentation on this error, please visit: https://www.selenium.dev/documentation/webdriver/troubleshooting/errors#staleelementreferenceexception
Build info: version: '4.38.0', revision: '6b412e825c*'
System info: os.name: 'Windows 11', os.arch: 'amd64', os.version: '10.0', java.version: '21.0.9'
Driver info: org.openqa.selenium.chrome.ChromeDriver
Command: [31120d101820988a553243b70382727b, getElementText {id=f.97F16A0BB8DEB02142BF939FDB501ED7.d.8BC964F0F97D99E38FD096DA9300AFCC.e.361}]
Capabilities {acceptInsecureCerts: false, browserName: chrome, browserVersion: 147.0.7727.102, chrome: {chromedriverVersion: 147.0.7727.117 (474cc805edd..., userDataDir: C:\Users\Hp\AppData\Local\T...}, fedcm:accounts: true, goog:chromeOptions: {debuggerAddress: localhost:61696}, goog:processID: 33012, networkConnectionEnabled: false, pageLoadStrategy: normal, platformName: windows, proxy: Proxy(), se:cdp: ws://localhost:61696/devtoo..., se:cdpVersion: 147.0.7727.102, setWindowRect: true, strictFileInteractability: false, timeouts: {implicit: 0, pageLoad: 300000, script: 30000}, unhandledPromptBehavior: dismiss and notify, webauthn:extension:credBlob: true, webauthn:extension:largeBlob: true, webauthn:extension:minPinLength: true, webauthn:extension:prf: true, webauthn:virtualAuthenticators: true}
Element: [[ChromeDriver: chrome on windows (31120d101820988a553243b70382727b)] -> xpath: //span[@class='product-discountedPrice']]
Session ID: 31120d101820988a553243b70382727b
at java.base/jdk.internal.reflect.DirectConstructorHandleAccessor.newInstance(DirectConstructorHandleAccessor.java:62)
at java.base/java.lang.reflect.Constructor.newInstanceWithCaller(Constructor.java:502)
at java.base/java.lang.reflect.Constructor.newInstance(Constructor.java:486)
at org.openqa.selenium.remote.ErrorCodec.decode(ErrorCodec.java:167)
at org.openqa.selenium.remote.codec.w3c.W3CHttpResponseCodec.decode(W3CHttpResponseCodec.java:138)
at org.openqa.selenium.remote.codec.w3c.W3CHttpResponseCodec.decode(W3CHttpResponseCodec.java:50)
at org.openqa.selenium.remote.HttpCommandExecutor.execute(HttpCommandExecutor.java:215)
at org.openqa.selenium.remote.service.DriverCommandExecutor.invokeExecute(DriverCommandExecutor.java:216)
at org.openqa.selenium.remote.service.DriverCommandExecutor.execute(DriverCommandExecutor.java:174)
at org.openqa.selenium.remote.RemoteWebDriver.execute(RemoteWebDriver.java:557)
at org.openqa.selenium.remote.RemoteWebElement.execute(RemoteWebElement.java:223)
at org.openqa.selenium.remote.RemoteWebElement.getText(RemoteWebElement.java:191)
at com.mynta.homemenupages.ProductFilterPage.getAllPrices(ProductFilterPage.java:185)
at com.myntra.stepdefinitions.ProductFilterPageSteps.products_should_be_within_price_range(ProductFilterPageSteps.java:75)
at ✽.Products should be within price range 500 to 1000(file:///C:/Users/Hp/workspaces/myntra_project/myntra_project/src/test/resources/Features/ProductFiterPage.feature:26)
]]>
    </error>
  </testcase> <!-- runScenario -->
  <testcase classname="com.myntra.home_menu_runner.productFilterPageRunner" name="runScenario" time="9.201"/>
  <testcase classname="com.myntra.home_menu_runner.productFilterPageRunner" name="runScenario" time="7.215"/>
  <testcase classname="com.myntra.home_menu_runner.productFilterPageRunner" name="runScenario" time="14.186">
    <failure message="Filter not applied for: Runners expected [true] but found [false]" type="java.lang.AssertionError">
      <![CDATA[java.lang.AssertionError: Filter not applied for: Runners expected [true] but found [false]
at org.testng.Assert.fail(Assert.java:111)
at org.testng.Assert.failNotEquals(Assert.java:1590)
at org.testng.Assert.assertTrue(Assert.java:57)
at com.myntra.stepdefinitions.ProductFilterPageSteps.category_filter_should_be_validated(ProductFilterPageSteps.java:44)
at ✽.Category filter should be validated for "Runners"(file:///C:/Users/Hp/workspaces/myntra_project/myntra_project/src/test/resources/Features/ProductFiterPage.feature:10)
]]>
    </failure>
  </testcase> <!-- runScenario -->
</testsuite> <!-- com.myntra.home_menu_runner.productFilterPageRunner -->
