<?xml version="1.0" encoding="UTF-8"?>
<!-- Generated by org.testng.reporters.JUnitReportReporter -->
<testsuite hostname="DESKTOP-V2FPCC7" failures="0" tests="26" name="com.myntra.home_menu_runner.HomePageRunner" time="238.093" errors="16" timestamp="2026-04-23T18:20:51 IST" skipped="0">
  <testcase classname="com.myntra.home_menu_runner.HomePageRunner" name="runScenario" time="8.264">
    <error message="Session ID is null. Using WebDriver after calling quit()?
Build info: version: &#039;4.38.0&#039;, revision: &#039;6b412e825c*&#039;
System info: os.name: &#039;Windows 11&#039;, os.arch: &#039;amd64&#039;, os.version: &#039;10.0&#039;, java.version: &#039;21.0.9&#039;
Driver info: org.openqa.selenium.chrome.ChromeDriver
Command: [null, findElements {value=//li[contains(@class,&#039;product-base&#039;)], using=xpath}]
Capabilities {acceptInsecureCerts: false, browserName: chrome, browserVersion: 147.0.7727.102, chrome: {chromedriverVersion: 147.0.7727.117 (474cc805edd..., userDataDir: C:\Users\Hp\AppData\Local\T...}, fedcm:accounts: true, goog:chromeOptions: {debuggerAddress: localhost:51260}, goog:processID: 23696, networkConnectionEnabled: false, pageLoadStrategy: normal, platformName: windows, proxy: Proxy(), se:cdp: ws://localhost:51260/devtoo..., se:cdpVersion: 147.0.7727.102, setWindowRect: true, strictFileInteractability: false, timeouts: {implicit: 0, pageLoad: 300000, script: 30000}, unhandledPromptBehavior: dismiss and notify, webauthn:extension:credBlob: true, webauthn:extension:largeBlob: true, webauthn:extension:minPinLength: true, webauthn:extension:prf: true, webauthn:virtualAuthenticators: true}" type="org.openqa.selenium.NoSuchSessionException">
      <![CDATA[org.openqa.selenium.NoSuchSessionException: Session ID is null. Using WebDriver after calling quit()?
Build info: version: '4.38.0', revision: '6b412e825c*'
System info: os.name: 'Windows 11', os.arch: 'amd64', os.version: '10.0', java.version: '21.0.9'
Driver info: org.openqa.selenium.chrome.ChromeDriver
Command: [null, findElements {value=//li[contains(@class,'product-base')], using=xpath}]
Capabilities {acceptInsecureCerts: false, browserName: chrome, browserVersion: 147.0.7727.102, chrome: {chromedriverVersion: 147.0.7727.117 (474cc805edd..., userDataDir: C:\Users\Hp\AppData\Local\T...}, fedcm:accounts: true, goog:chromeOptions: {debuggerAddress: localhost:51260}, goog:processID: 23696, networkConnectionEnabled: false, pageLoadStrategy: normal, platformName: windows, proxy: Proxy(), se:cdp: ws://localhost:51260/devtoo..., se:cdpVersion: 147.0.7727.102, setWindowRect: true, strictFileInteractability: false, timeouts: {implicit: 0, pageLoad: 300000, script: 30000}, unhandledPromptBehavior: dismiss and notify, webauthn:extension:credBlob: true, webauthn:extension:largeBlob: true, webauthn:extension:minPinLength: true, webauthn:extension:prf: true, webauthn:virtualAuthenticators: true}
at org.openqa.selenium.remote.HttpCommandExecutor.execute(HttpCommandExecutor.java:176)
at org.openqa.selenium.remote.service.DriverCommandExecutor.invokeExecute(DriverCommandExecutor.java:216)
at org.openqa.selenium.remote.service.DriverCommandExecutor.execute(DriverCommandExecutor.java:174)
at org.openqa.selenium.remote.RemoteWebDriver.execute(RemoteWebDriver.java:557)
at org.openqa.selenium.remote.ElementLocation$ElementFinder$2.findElements(ElementLocation.java:182)
at org.openqa.selenium.remote.ElementLocation.findElements(ElementLocation.java:103)
at org.openqa.selenium.remote.RemoteWebDriver.findElements(RemoteWebDriver.java:393)
at org.openqa.selenium.remote.RemoteWebDriver.findElements(RemoteWebDriver.java:387)
at org.openqa.selenium.support.ui.ExpectedConditions$34.apply(ExpectedConditions.java:960)
at org.openqa.selenium.support.ui.ExpectedConditions$34.apply(ExpectedConditions.java:955)
at org.openqa.selenium.support.ui.FluentWait.until(FluentWait.java:203)
at com.myntra.utils.WaitFor.waitForListToLoadBy(WaitFor.java:93)
at com.mynta.homemenupages.ProductDetailsPage.navigateToProductDetailsPage(ProductDetailsPage.java:75)
at com.myntra.stepdefinitions.ProductDetailsPageSteps.user_navigates_to_pdp(ProductDetailsPageSteps.java:13)
at ✽.User navigates to Product Details Page(file:///C:/Users/Hp/workspaces/myntra_project/myntra_project/src/test/resources/Features/ProductDetailsPage.feature:4)
]]>
    </error>
  </testcase> <!-- runScenario -->
  <testcase classname="com.myntra.home_menu_runner.HomePageRunner" name="runScenario" time="8.946">
    <error message="Session ID is null. Using WebDriver after calling quit()?
Build info: version: &#039;4.38.0&#039;, revision: &#039;6b412e825c*&#039;
System info: os.name: &#039;Windows 11&#039;, os.arch: &#039;amd64&#039;, os.version: &#039;10.0&#039;, java.version: &#039;21.0.9&#039;
Driver info: org.openqa.selenium.chrome.ChromeDriver
Command: [null, findElements {value=//li[contains(@class,&#039;product-base&#039;)], using=xpath}]
Capabilities {acceptInsecureCerts: false, browserName: chrome, browserVersion: 147.0.7727.102, chrome: {chromedriverVersion: 147.0.7727.117 (474cc805edd..., userDataDir: C:\Users\Hp\AppData\Local\T...}, fedcm:accounts: true, goog:chromeOptions: {debuggerAddress: localhost:51260}, goog:processID: 23696, networkConnectionEnabled: false, pageLoadStrategy: normal, platformName: windows, proxy: Proxy(), se:cdp: ws://localhost:51260/devtoo..., se:cdpVersion: 147.0.7727.102, setWindowRect: true, strictFileInteractability: false, timeouts: {implicit: 0, pageLoad: 300000, script: 30000}, unhandledPromptBehavior: dismiss and notify, webauthn:extension:credBlob: true, webauthn:extension:largeBlob: true, webauthn:extension:minPinLength: true, webauthn:extension:prf: true, webauthn:virtualAuthenticators: true}" type="org.openqa.selenium.NoSuchSessionException">
      <![CDATA[org.openqa.selenium.NoSuchSessionException: Session ID is null. Using WebDriver after calling quit()?
Build info: version: '4.38.0', revision: '6b412e825c*'
System info: os.name: 'Windows 11', os.arch: 'amd64', os.version: '10.0', java.version: '21.0.9'
Driver info: org.openqa.selenium.chrome.ChromeDriver
Command: [null, findElements {value=//li[contains(@class,'product-base')], using=xpath}]
Capabilities {acceptInsecureCerts: false, browserName: chrome, browserVersion: 147.0.7727.102, chrome: {chromedriverVersion: 147.0.7727.117 (474cc805edd..., userDataDir: C:\Users\Hp\AppData\Local\T...}, fedcm:accounts: true, goog:chromeOptions: {debuggerAddress: localhost:51260}, goog:processID: 23696, networkConnectionEnabled: false, pageLoadStrategy: normal, platformName: windows, proxy: Proxy(), se:cdp: ws://localhost:51260/devtoo..., se:cdpVersion: 147.0.7727.102, setWindowRect: true, strictFileInteractability: false, timeouts: {implicit: 0, pageLoad: 300000, script: 30000}, unhandledPromptBehavior: dismiss and notify, webauthn:extension:credBlob: true, webauthn:extension:largeBlob: true, webauthn:extension:minPinLength: true, webauthn:extension:prf: true, webauthn:virtualAuthenticators: true}
at org.openqa.selenium.remote.HttpCommandExecutor.execute(HttpCommandExecutor.java:176)
at org.openqa.selenium.remote.service.DriverCommandExecutor.invokeExecute(DriverCommandExecutor.java:216)
at org.openqa.selenium.remote.service.DriverCommandExecutor.execute(DriverCommandExecutor.java:174)
at org.openqa.selenium.remote.RemoteWebDriver.execute(RemoteWebDriver.java:557)
at org.openqa.selenium.remote.ElementLocation$ElementFinder$2.findElements(ElementLocation.java:182)
at org.openqa.selenium.remote.ElementLocation.findElements(ElementLocation.java:103)
at org.openqa.selenium.remote.RemoteWebDriver.findElements(RemoteWebDriver.java:393)
at org.openqa.selenium.remote.RemoteWebDriver.findElements(RemoteWebDriver.java:387)
at org.openqa.selenium.support.ui.ExpectedConditions$34.apply(ExpectedConditions.java:960)
at org.openqa.selenium.support.ui.ExpectedConditions$34.apply(ExpectedConditions.java:955)
at org.openqa.selenium.support.ui.FluentWait.until(FluentWait.java:203)
at com.myntra.utils.WaitFor.waitForListToLoadBy(WaitFor.java:93)
at com.mynta.homemenupages.ProductDetailsPage.navigateToProductDetailsPage(ProductDetailsPage.java:75)
at com.myntra.stepdefinitions.ProductDetailsPageSteps.user_navigates_to_pdp(ProductDetailsPageSteps.java:13)
at ✽.User navigates to Product Details Page(file:///C:/Users/Hp/workspaces/myntra_project/myntra_project/src/test/resources/Features/ProductDetailsPage.feature:4)
]]>
    </error>
  </testcase> <!-- runScenario -->
  <testcase classname="com.myntra.home_menu_runner.HomePageRunner" name="runScenario" time="9.892"/>
  <testcase classname="com.myntra.home_menu_runner.HomePageRunner" name="runScenario" time="9.699"/>
  <testcase classname="com.myntra.home_menu_runner.HomePageRunner" name="runScenario" time="8.930"/>
  <testcase classname="com.myntra.home_menu_runner.HomePageRunner" name="runScenario" time="8.149">
    <error message="Session ID is null. Using WebDriver after calling quit()?
Build info: version: &#039;4.38.0&#039;, revision: &#039;6b412e825c*&#039;
System info: os.name: &#039;Windows 11&#039;, os.arch: &#039;amd64&#039;, os.version: &#039;10.0&#039;, java.version: &#039;21.0.9&#039;
Driver info: org.openqa.selenium.chrome.ChromeDriver
Command: [null, findElements {value=//li[contains(@class,&#039;product-base&#039;)], using=xpath}]
Capabilities {acceptInsecureCerts: false, browserName: chrome, browserVersion: 147.0.7727.102, chrome: {chromedriverVersion: 147.0.7727.117 (474cc805edd..., userDataDir: C:\Users\Hp\AppData\Local\T...}, fedcm:accounts: true, goog:chromeOptions: {debuggerAddress: localhost:51260}, goog:processID: 23696, networkConnectionEnabled: false, pageLoadStrategy: normal, platformName: windows, proxy: Proxy(), se:cdp: ws://localhost:51260/devtoo..., se:cdpVersion: 147.0.7727.102, setWindowRect: true, strictFileInteractability: false, timeouts: {implicit: 0, pageLoad: 300000, script: 30000}, unhandledPromptBehavior: dismiss and notify, webauthn:extension:credBlob: true, webauthn:extension:largeBlob: true, webauthn:extension:minPinLength: true, webauthn:extension:prf: true, webauthn:virtualAuthenticators: true}" type="org.openqa.selenium.NoSuchSessionException">
      <![CDATA[org.openqa.selenium.NoSuchSessionException: Session ID is null. Using WebDriver after calling quit()?
Build info: version: '4.38.0', revision: '6b412e825c*'
System info: os.name: 'Windows 11', os.arch: 'amd64', os.version: '10.0', java.version: '21.0.9'
Driver info: org.openqa.selenium.chrome.ChromeDriver
Command: [null, findElements {value=//li[contains(@class,'product-base')], using=xpath}]
Capabilities {acceptInsecureCerts: false, browserName: chrome, browserVersion: 147.0.7727.102, chrome: {chromedriverVersion: 147.0.7727.117 (474cc805edd..., userDataDir: C:\Users\Hp\AppData\Local\T...}, fedcm:accounts: true, goog:chromeOptions: {debuggerAddress: localhost:51260}, goog:processID: 23696, networkConnectionEnabled: false, pageLoadStrategy: normal, platformName: windows, proxy: Proxy(), se:cdp: ws://localhost:51260/devtoo..., se:cdpVersion: 147.0.7727.102, setWindowRect: true, strictFileInteractability: false, timeouts: {implicit: 0, pageLoad: 300000, script: 30000}, unhandledPromptBehavior: dismiss and notify, webauthn:extension:credBlob: true, webauthn:extension:largeBlob: true, webauthn:extension:minPinLength: true, webauthn:extension:prf: true, webauthn:virtualAuthenticators: true}
at org.openqa.selenium.remote.HttpCommandExecutor.execute(HttpCommandExecutor.java:176)
at org.openqa.selenium.remote.service.DriverCommandExecutor.invokeExecute(DriverCommandExecutor.java:216)
at org.openqa.selenium.remote.service.DriverCommandExecutor.execute(DriverCommandExecutor.java:174)
at org.openqa.selenium.remote.RemoteWebDriver.execute(RemoteWebDriver.java:557)
at org.openqa.selenium.remote.ElementLocation$ElementFinder$2.findElements(ElementLocation.java:182)
at org.openqa.selenium.remote.ElementLocation.findElements(ElementLocation.java:103)
at org.openqa.selenium.remote.RemoteWebDriver.findElements(RemoteWebDriver.java:393)
at org.openqa.selenium.remote.RemoteWebDriver.findElements(RemoteWebDriver.java:387)
at org.openqa.selenium.support.ui.ExpectedConditions$34.apply(ExpectedConditions.java:960)
at org.openqa.selenium.support.ui.ExpectedConditions$34.apply(ExpectedConditions.java:955)
at org.openqa.selenium.support.ui.FluentWait.until(FluentWait.java:203)
at com.myntra.utils.WaitFor.waitForListToLoadBy(WaitFor.java:93)
at com.mynta.homemenupages.ProductDetailsPage.navigateToProductDetailsPage(ProductDetailsPage.java:75)
at com.myntra.stepdefinitions.ProductDetailsPageSteps.user_navigates_to_pdp(ProductDetailsPageSteps.java:13)
at ✽.User navigates to Product Details Page(file:///C:/Users/Hp/workspaces/myntra_project/myntra_project/src/test/resources/Features/ProductDetailsPage.feature:4)
]]>
    </error>
  </testcase> <!-- runScenario -->
  <testcase classname="com.myntra.home_menu_runner.HomePageRunner" name="runScenario" time="10.508"/>
  <testcase classname="com.myntra.home_menu_runner.HomePageRunner" name="runScenario" time="8.873">
    <error message="Session ID is null. Using WebDriver after calling quit()?
Build info: version: &#039;4.38.0&#039;, revision: &#039;6b412e825c*&#039;
System info: os.name: &#039;Windows 11&#039;, os.arch: &#039;amd64&#039;, os.version: &#039;10.0&#039;, java.version: &#039;21.0.9&#039;
Driver info: org.openqa.selenium.chrome.ChromeDriver
Command: [null, findElements {value=//li[contains(@class,&#039;product-base&#039;)], using=xpath}]
Capabilities {acceptInsecureCerts: false, browserName: chrome, browserVersion: 147.0.7727.102, chrome: {chromedriverVersion: 147.0.7727.117 (474cc805edd..., userDataDir: C:\Users\Hp\AppData\Local\T...}, fedcm:accounts: true, goog:chromeOptions: {debuggerAddress: localhost:51260}, goog:processID: 23696, networkConnectionEnabled: false, pageLoadStrategy: normal, platformName: windows, proxy: Proxy(), se:cdp: ws://localhost:51260/devtoo..., se:cdpVersion: 147.0.7727.102, setWindowRect: true, strictFileInteractability: false, timeouts: {implicit: 0, pageLoad: 300000, script: 30000}, unhandledPromptBehavior: dismiss and notify, webauthn:extension:credBlob: true, webauthn:extension:largeBlob: true, webauthn:extension:minPinLength: true, webauthn:extension:prf: true, webauthn:virtualAuthenticators: true}" type="org.openqa.selenium.NoSuchSessionException">
      <![CDATA[org.openqa.selenium.NoSuchSessionException: Session ID is null. Using WebDriver after calling quit()?
Build info: version: '4.38.0', revision: '6b412e825c*'
System info: os.name: 'Windows 11', os.arch: 'amd64', os.version: '10.0', java.version: '21.0.9'
Driver info: org.openqa.selenium.chrome.ChromeDriver
Command: [null, findElements {value=//li[contains(@class,'product-base')], using=xpath}]
Capabilities {acceptInsecureCerts: false, browserName: chrome, browserVersion: 147.0.7727.102, chrome: {chromedriverVersion: 147.0.7727.117 (474cc805edd..., userDataDir: C:\Users\Hp\AppData\Local\T...}, fedcm:accounts: true, goog:chromeOptions: {debuggerAddress: localhost:51260}, goog:processID: 23696, networkConnectionEnabled: false, pageLoadStrategy: normal, platformName: windows, proxy: Proxy(), se:cdp: ws://localhost:51260/devtoo..., se:cdpVersion: 147.0.7727.102, setWindowRect: true, strictFileInteractability: false, timeouts: {implicit: 0, pageLoad: 300000, script: 30000}, unhandledPromptBehavior: dismiss and notify, webauthn:extension:credBlob: true, webauthn:extension:largeBlob: true, webauthn:extension:minPinLength: true, webauthn:extension:prf: true, webauthn:virtualAuthenticators: true}
at org.openqa.selenium.remote.HttpCommandExecutor.execute(HttpCommandExecutor.java:176)
at org.openqa.selenium.remote.service.DriverCommandExecutor.invokeExecute(DriverCommandExecutor.java:216)
at org.openqa.selenium.remote.service.DriverCommandExecutor.execute(DriverCommandExecutor.java:174)
at org.openqa.selenium.remote.RemoteWebDriver.execute(RemoteWebDriver.java:557)
at org.openqa.selenium.remote.ElementLocation$ElementFinder$2.findElements(ElementLocation.java:182)
at org.openqa.selenium.remote.ElementLocation.findElements(ElementLocation.java:103)
at org.openqa.selenium.remote.RemoteWebDriver.findElements(RemoteWebDriver.java:393)
at org.openqa.selenium.remote.RemoteWebDriver.findElements(RemoteWebDriver.java:387)
at org.openqa.selenium.support.ui.ExpectedConditions$34.apply(ExpectedConditions.java:960)
at org.openqa.selenium.support.ui.ExpectedConditions$34.apply(ExpectedConditions.java:955)
at org.openqa.selenium.support.ui.FluentWait.until(FluentWait.java:203)
at com.myntra.utils.WaitFor.waitForListToLoadBy(WaitFor.java:93)
at com.mynta.homemenupages.ProductDetailsPage.navigateToProductDetailsPage(ProductDetailsPage.java:75)
at com.myntra.stepdefinitions.ProductDetailsPageSteps.user_navigates_to_pdp(ProductDetailsPageSteps.java:13)
at ✽.User navigates to Product Details Page(file:///C:/Users/Hp/workspaces/myntra_project/myntra_project/src/test/resources/Features/ProductDetailsPage.feature:4)
]]>
    </error>
  </testcase> <!-- runScenario -->
  <testcase classname="com.myntra.home_menu_runner.HomePageRunner" name="runScenario" time="11.231">
    <error message="stale element reference: stale element not found in the current frame
  (Session info: chrome=147.0.7727.102)
For documentation on this error, please visit: https://www.selenium.dev/documentation/webdriver/troubleshooting/errors#staleelementreferenceexception
Build info: version: &#039;4.38.0&#039;, revision: &#039;6b412e825c*&#039;
System info: os.name: &#039;Windows 11&#039;, os.arch: &#039;amd64&#039;, os.version: &#039;10.0&#039;, java.version: &#039;21.0.9&#039;
Driver info: org.openqa.selenium.chrome.ChromeDriver
Command: [e8e5418c51dd5ecebf9604ffbd4207d8, getElementText {id=f.F4D9DBFACF54314EDC1DF795555163FE.d.AA897D76FD5C1A77F80789C82EF3AB05.e.362}]
Capabilities {acceptInsecureCerts: false, browserName: chrome, browserVersion: 147.0.7727.102, chrome: {chromedriverVersion: 147.0.7727.117 (474cc805edd..., userDataDir: C:\Users\Hp\AppData\Local\T...}, fedcm:accounts: true, goog:chromeOptions: {debuggerAddress: localhost:59229}, goog:processID: 21544, networkConnectionEnabled: false, pageLoadStrategy: normal, platformName: windows, proxy: Proxy(), se:cdp: ws://localhost:59229/devtoo..., se:cdpVersion: 147.0.7727.102, setWindowRect: true, strictFileInteractability: false, timeouts: {implicit: 0, pageLoad: 300000, script: 30000}, unhandledPromptBehavior: dismiss and notify, webauthn:extension:credBlob: true, webauthn:extension:largeBlob: true, webauthn:extension:minPinLength: true, webauthn:extension:prf: true, webauthn:virtualAuthenticators: true}
Element: [[ChromeDriver: chrome on windows (e8e5418c51dd5ecebf9604ffbd4207d8)] -&gt; xpath: //span[@class=&#039;product-discountedPrice&#039;]]
Session ID: e8e5418c51dd5ecebf9604ffbd4207d8" type="org.openqa.selenium.StaleElementReferenceException">
      <![CDATA[org.openqa.selenium.StaleElementReferenceException: stale element reference: stale element not found in the current frame
  (Session info: chrome=147.0.7727.102)
For documentation on this error, please visit: https://www.selenium.dev/documentation/webdriver/troubleshooting/errors#staleelementreferenceexception
Build info: version: '4.38.0', revision: '6b412e825c*'
System info: os.name: 'Windows 11', os.arch: 'amd64', os.version: '10.0', java.version: '21.0.9'
Driver info: org.openqa.selenium.chrome.ChromeDriver
Command: [e8e5418c51dd5ecebf9604ffbd4207d8, getElementText {id=f.F4D9DBFACF54314EDC1DF795555163FE.d.AA897D76FD5C1A77F80789C82EF3AB05.e.362}]
Capabilities {acceptInsecureCerts: false, browserName: chrome, browserVersion: 147.0.7727.102, chrome: {chromedriverVersion: 147.0.7727.117 (474cc805edd..., userDataDir: C:\Users\Hp\AppData\Local\T...}, fedcm:accounts: true, goog:chromeOptions: {debuggerAddress: localhost:59229}, goog:processID: 21544, networkConnectionEnabled: false, pageLoadStrategy: normal, platformName: windows, proxy: Proxy(), se:cdp: ws://localhost:59229/devtoo..., se:cdpVersion: 147.0.7727.102, setWindowRect: true, strictFileInteractability: false, timeouts: {implicit: 0, pageLoad: 300000, script: 30000}, unhandledPromptBehavior: dismiss and notify, webauthn:extension:credBlob: true, webauthn:extension:largeBlob: true, webauthn:extension:minPinLength: true, webauthn:extension:prf: true, webauthn:virtualAuthenticators: true}
Element: [[ChromeDriver: chrome on windows (e8e5418c51dd5ecebf9604ffbd4207d8)] -> xpath: //span[@class='product-discountedPrice']]
Session ID: e8e5418c51dd5ecebf9604ffbd4207d8
at java.base/jdk.internal.reflect.DirectConstructorHandleAccessor.newInstance(DirectConstructorHandleAccessor.java:62)
at java.base/java.lang.reflect.Constructor.newInstanceWithCaller(Constructor.java:502)
at java.base/java.lang.reflect.Constructor.newInstance(Constructor.java:486)
at org.openqa.selenium.remote.ErrorCodec.decode(ErrorCodec.java:167)
at org.openqa.selenium.remote.codec.w3c.W3CHttpResponseCodec.decode(W3CHttpResponseCodec.java:138)
at org.openqa.selenium.remote.codec.w3c.W3CHttpResponseCodec.decode(W3CHttpResponseCodec.java:50)
at org.openqa.selenium.remote.HttpCommandExecutor.execute(HttpCommandExecutor.java:215)
at org.openqa.selenium.remote.service.DriverCommandExecutor.invokeExecute(DriverCommandExecutor.java:216)
at org.openqa.selenium.remote.service.DriverCommandExecutor.execute(DriverCommandExecutor.java:174)
at org.openqa.selenium.remote.RemoteWebDriver.execute(RemoteWebDriver.java:557)
at org.openqa.selenium.remote.RemoteWebElement.execute(RemoteWebElement.java:223)
at org.openqa.selenium.remote.RemoteWebElement.getText(RemoteWebElement.java:191)
at com.mynta.homemenupages.ProductFilterPage.getAllPrices(ProductFilterPage.java:185)
at com.myntra.stepdefinitions.ProductFilterPageSteps.products_should_be_within_price_range(ProductFilterPageSteps.java:75)
at ✽.Products should be within price range 500 to 1000(file:///C:/Users/Hp/workspaces/myntra_project/myntra_project/src/test/resources/Features/ProductFiterPage.feature:26)
]]>
    </error>
  </testcase> <!-- runScenario -->
  <testcase classname="com.myntra.home_menu_runner.HomePageRunner" name="runScenario" time="8.318"/>
  <testcase classname="com.myntra.home_menu_runner.HomePageRunner" name="runScenario" time="9.468">
    <error message="Session ID is null. Using WebDriver after calling quit()?
Build info: version: &#039;4.38.0&#039;, revision: &#039;6b412e825c*&#039;
System info: os.name: &#039;Windows 11&#039;, os.arch: &#039;amd64&#039;, os.version: &#039;10.0&#039;, java.version: &#039;21.0.9&#039;
Driver info: org.openqa.selenium.chrome.ChromeDriver
Command: [null, findElements {value=//li[contains(@class,&#039;product-base&#039;)], using=xpath}]
Capabilities {acceptInsecureCerts: false, browserName: chrome, browserVersion: 147.0.7727.102, chrome: {chromedriverVersion: 147.0.7727.117 (474cc805edd..., userDataDir: C:\Users\Hp\AppData\Local\T...}, fedcm:accounts: true, goog:chromeOptions: {debuggerAddress: localhost:51260}, goog:processID: 23696, networkConnectionEnabled: false, pageLoadStrategy: normal, platformName: windows, proxy: Proxy(), se:cdp: ws://localhost:51260/devtoo..., se:cdpVersion: 147.0.7727.102, setWindowRect: true, strictFileInteractability: false, timeouts: {implicit: 0, pageLoad: 300000, script: 30000}, unhandledPromptBehavior: dismiss and notify, webauthn:extension:credBlob: true, webauthn:extension:largeBlob: true, webauthn:extension:minPinLength: true, webauthn:extension:prf: true, webauthn:virtualAuthenticators: true}" type="org.openqa.selenium.NoSuchSessionException">
      <![CDATA[org.openqa.selenium.NoSuchSessionException: Session ID is null. Using WebDriver after calling quit()?
Build info: version: '4.38.0', revision: '6b412e825c*'
System info: os.name: 'Windows 11', os.arch: 'amd64', os.version: '10.0', java.version: '21.0.9'
Driver info: org.openqa.selenium.chrome.ChromeDriver
Command: [null, findElements {value=//li[contains(@class,'product-base')], using=xpath}]
Capabilities {acceptInsecureCerts: false, browserName: chrome, browserVersion: 147.0.7727.102, chrome: {chromedriverVersion: 147.0.7727.117 (474cc805edd..., userDataDir: C:\Users\Hp\AppData\Local\T...}, fedcm:accounts: true, goog:chromeOptions: {debuggerAddress: localhost:51260}, goog:processID: 23696, networkConnectionEnabled: false, pageLoadStrategy: normal, platformName: windows, proxy: Proxy(), se:cdp: ws://localhost:51260/devtoo..., se:cdpVersion: 147.0.7727.102, setWindowRect: true, strictFileInteractability: false, timeouts: {implicit: 0, pageLoad: 300000, script: 30000}, unhandledPromptBehavior: dismiss and notify, webauthn:extension:credBlob: true, webauthn:extension:largeBlob: true, webauthn:extension:minPinLength: true, webauthn:extension:prf: true, webauthn:virtualAuthenticators: true}
at org.openqa.selenium.remote.HttpCommandExecutor.execute(HttpCommandExecutor.java:176)
at org.openqa.selenium.remote.service.DriverCommandExecutor.invokeExecute(DriverCommandExecutor.java:216)
at org.openqa.selenium.remote.service.DriverCommandExecutor.execute(DriverCommandExecutor.java:174)
at org.openqa.selenium.remote.RemoteWebDriver.execute(RemoteWebDriver.java:557)
at org.openqa.selenium.remote.ElementLocation$ElementFinder$2.findElements(ElementLocation.java:182)
at org.openqa.selenium.remote.ElementLocation.findElements(ElementLocation.java:103)
at org.openqa.selenium.remote.RemoteWebDriver.findElements(RemoteWebDriver.java:393)
at org.openqa.selenium.remote.RemoteWebDriver.findElements(RemoteWebDriver.java:387)
at org.openqa.selenium.support.ui.ExpectedConditions$34.apply(ExpectedConditions.java:960)
at org.openqa.selenium.support.ui.ExpectedConditions$34.apply(ExpectedConditions.java:955)
at org.openqa.selenium.support.ui.FluentWait.until(FluentWait.java:203)
at com.myntra.utils.WaitFor.waitForListToLoadBy(WaitFor.java:93)
at com.mynta.homemenupages.ProductDetailsPage.navigateToProductDetailsPage(ProductDetailsPage.java:75)
at com.myntra.stepdefinitions.ProductDetailsPageSteps.user_navigates_to_pdp(ProductDetailsPageSteps.java:13)
at ✽.User navigates to Product Details Page(file:///C:/Users/Hp/workspaces/myntra_project/myntra_project/src/test/resources/Features/ProductDetailsPage.feature:4)
]]>
    </error>
  </testcase> <!-- runScenario -->
  <testcase classname="com.myntra.home_menu_runner.HomePageRunner" name="runScenario" time="11.037"/>
  <testcase classname="com.myntra.home_menu_runner.HomePageRunner" name="runScenario" time="9.448">
    <error message="Session ID is null. Using WebDriver after calling quit()?
Build info: version: &#039;4.38.0&#039;, revision: &#039;6b412e825c*&#039;
System info: os.name: &#039;Windows 11&#039;, os.arch: &#039;amd64&#039;, os.version: &#039;10.0&#039;, java.version: &#039;21.0.9&#039;
Driver info: org.openqa.selenium.chrome.ChromeDriver
Command: [null, findElements {value=//li[contains(@class,&#039;product-base&#039;)], using=xpath}]
Capabilities {acceptInsecureCerts: false, browserName: chrome, browserVersion: 147.0.7727.102, chrome: {chromedriverVersion: 147.0.7727.117 (474cc805edd..., userDataDir: C:\Users\Hp\AppData\Local\T...}, fedcm:accounts: true, goog:chromeOptions: {debuggerAddress: localhost:51260}, goog:processID: 23696, networkConnectionEnabled: false, pageLoadStrategy: normal, platformName: windows, proxy: Proxy(), se:cdp: ws://localhost:51260/devtoo..., se:cdpVersion: 147.0.7727.102, setWindowRect: true, strictFileInteractability: false, timeouts: {implicit: 0, pageLoad: 300000, script: 30000}, unhandledPromptBehavior: dismiss and notify, webauthn:extension:credBlob: true, webauthn:extension:largeBlob: true, webauthn:extension:minPinLength: true, webauthn:extension:prf: true, webauthn:virtualAuthenticators: true}" type="org.openqa.selenium.NoSuchSessionException">
      <![CDATA[org.openqa.selenium.NoSuchSessionException: Session ID is null. Using WebDriver after calling quit()?
Build info: version: '4.38.0', revision: '6b412e825c*'
System info: os.name: 'Windows 11', os.arch: 'amd64', os.version: '10.0', java.version: '21.0.9'
Driver info: org.openqa.selenium.chrome.ChromeDriver
Command: [null, findElements {value=//li[contains(@class,'product-base')], using=xpath}]
Capabilities {acceptInsecureCerts: false, browserName: chrome, browserVersion: 147.0.7727.102, chrome: {chromedriverVersion: 147.0.7727.117 (474cc805edd..., userDataDir: C:\Users\Hp\AppData\Local\T...}, fedcm:accounts: true, goog:chromeOptions: {debuggerAddress: localhost:51260}, goog:processID: 23696, networkConnectionEnabled: false, pageLoadStrategy: normal, platformName: windows, proxy: Proxy(), se:cdp: ws://localhost:51260/devtoo..., se:cdpVersion: 147.0.7727.102, setWindowRect: true, strictFileInteractability: false, timeouts: {implicit: 0, pageLoad: 300000, script: 30000}, unhandledPromptBehavior: dismiss and notify, webauthn:extension:credBlob: true, webauthn:extension:largeBlob: true, webauthn:extension:minPinLength: true, webauthn:extension:prf: true, webauthn:virtualAuthenticators: true}
at org.openqa.selenium.remote.HttpCommandExecutor.execute(HttpCommandExecutor.java:176)
at org.openqa.selenium.remote.service.DriverCommandExecutor.invokeExecute(DriverCommandExecutor.java:216)
at org.openqa.selenium.remote.service.DriverCommandExecutor.execute(DriverCommandExecutor.java:174)
at org.openqa.selenium.remote.RemoteWebDriver.execute(RemoteWebDriver.java:557)
at org.openqa.selenium.remote.ElementLocation$ElementFinder$2.findElements(ElementLocation.java:182)
at org.openqa.selenium.remote.ElementLocation.findElements(ElementLocation.java:103)
at org.openqa.selenium.remote.RemoteWebDriver.findElements(RemoteWebDriver.java:393)
at org.openqa.selenium.remote.RemoteWebDriver.findElements(RemoteWebDriver.java:387)
at org.openqa.selenium.support.ui.ExpectedConditions$34.apply(ExpectedConditions.java:960)
at org.openqa.selenium.support.ui.ExpectedConditions$34.apply(ExpectedConditions.java:955)
at org.openqa.selenium.support.ui.FluentWait.until(FluentWait.java:203)
at com.myntra.utils.WaitFor.waitForListToLoadBy(WaitFor.java:93)
at com.mynta.homemenupages.ProductDetailsPage.navigateToProductDetailsPage(ProductDetailsPage.java:75)
at com.myntra.stepdefinitions.ProductDetailsPageSteps.user_navigates_to_pdp(ProductDetailsPageSteps.java:13)
at ✽.User navigates to Product Details Page(file:///C:/Users/Hp/workspaces/myntra_project/myntra_project/src/test/resources/Features/ProductDetailsPage.feature:4)
]]>
    </error>
  </testcase> <!-- runScenario -->
  <testcase classname="com.myntra.home_menu_runner.HomePageRunner" name="runScenario" time="11.298"/>
  <testcase classname="com.myntra.home_menu_runner.HomePageRunner" name="runScenario" time="10.155"/>
  <testcase classname="com.myntra.home_menu_runner.HomePageRunner" name="runScenario" time="8.265"/>
  <testcase classname="com.myntra.home_menu_runner.HomePageRunner" name="runScenario" time="8.464">
    <error message="Session ID is null. Using WebDriver after calling quit()?
Build info: version: &#039;4.38.0&#039;, revision: &#039;6b412e825c*&#039;
System info: os.name: &#039;Windows 11&#039;, os.arch: &#039;amd64&#039;, os.version: &#039;10.0&#039;, java.version: &#039;21.0.9&#039;
Driver info: org.openqa.selenium.chrome.ChromeDriver
Command: [null, findElements {value=//li[contains(@class,&#039;product-base&#039;)], using=xpath}]
Capabilities {acceptInsecureCerts: false, browserName: chrome, browserVersion: 147.0.7727.102, chrome: {chromedriverVersion: 147.0.7727.117 (474cc805edd..., userDataDir: C:\Users\Hp\AppData\Local\T...}, fedcm:accounts: true, goog:chromeOptions: {debuggerAddress: localhost:51260}, goog:processID: 23696, networkConnectionEnabled: false, pageLoadStrategy: normal, platformName: windows, proxy: Proxy(), se:cdp: ws://localhost:51260/devtoo..., se:cdpVersion: 147.0.7727.102, setWindowRect: true, strictFileInteractability: false, timeouts: {implicit: 0, pageLoad: 300000, script: 30000}, unhandledPromptBehavior: dismiss and notify, webauthn:extension:credBlob: true, webauthn:extension:largeBlob: true, webauthn:extension:minPinLength: true, webauthn:extension:prf: true, webauthn:virtualAuthenticators: true}" type="org.openqa.selenium.NoSuchSessionException">
      <![CDATA[org.openqa.selenium.NoSuchSessionException: Session ID is null. Using WebDriver after calling quit()?
Build info: version: '4.38.0', revision: '6b412e825c*'
System info: os.name: 'Windows 11', os.arch: 'amd64', os.version: '10.0', java.version: '21.0.9'
Driver info: org.openqa.selenium.chrome.ChromeDriver
Command: [null, findElements {value=//li[contains(@class,'product-base')], using=xpath}]
Capabilities {acceptInsecureCerts: false, browserName: chrome, browserVersion: 147.0.7727.102, chrome: {chromedriverVersion: 147.0.7727.117 (474cc805edd..., userDataDir: C:\Users\Hp\AppData\Local\T...}, fedcm:accounts: true, goog:chromeOptions: {debuggerAddress: localhost:51260}, goog:processID: 23696, networkConnectionEnabled: false, pageLoadStrategy: normal, platformName: windows, proxy: Proxy(), se:cdp: ws://localhost:51260/devtoo..., se:cdpVersion: 147.0.7727.102, setWindowRect: true, strictFileInteractability: false, timeouts: {implicit: 0, pageLoad: 300000, script: 30000}, unhandledPromptBehavior: dismiss and notify, webauthn:extension:credBlob: true, webauthn:extension:largeBlob: true, webauthn:extension:minPinLength: true, webauthn:extension:prf: true, webauthn:virtualAuthenticators: true}
at org.openqa.selenium.remote.HttpCommandExecutor.execute(HttpCommandExecutor.java:176)
at org.openqa.selenium.remote.service.DriverCommandExecutor.invokeExecute(DriverCommandExecutor.java:216)
at org.openqa.selenium.remote.service.DriverCommandExecutor.execute(DriverCommandExecutor.java:174)
at org.openqa.selenium.remote.RemoteWebDriver.execute(RemoteWebDriver.java:557)
at org.openqa.selenium.remote.ElementLocation$ElementFinder$2.findElements(ElementLocation.java:182)
at org.openqa.selenium.remote.ElementLocation.findElements(ElementLocation.java:103)
at org.openqa.selenium.remote.RemoteWebDriver.findElements(RemoteWebDriver.java:393)
at org.openqa.selenium.remote.RemoteWebDriver.findElements(RemoteWebDriver.java:387)
at org.openqa.selenium.support.ui.ExpectedConditions$34.apply(ExpectedConditions.java:960)
at org.openqa.selenium.support.ui.ExpectedConditions$34.apply(ExpectedConditions.java:955)
at org.openqa.selenium.support.ui.FluentWait.until(FluentWait.java:203)
at com.myntra.utils.WaitFor.waitForListToLoadBy(WaitFor.java:93)
at com.mynta.homemenupages.ProductDetailsPage.navigateToProductDetailsPage(ProductDetailsPage.java:75)
at com.myntra.stepdefinitions.ProductDetailsPageSteps.user_navigates_to_pdp(ProductDetailsPageSteps.java:13)
at ✽.User navigates to Product Details Page(file:///C:/Users/Hp/workspaces/myntra_project/myntra_project/src/test/resources/Features/ProductDetailsPage.feature:4)
]]>
    </error>
  </testcase> <!-- runScenario -->
  <testcase classname="com.myntra.home_menu_runner.HomePageRunner" name="runScenario" time="8.312">
    <error message="Session ID is null. Using WebDriver after calling quit()?
Build info: version: &#039;4.38.0&#039;, revision: &#039;6b412e825c*&#039;
System info: os.name: &#039;Windows 11&#039;, os.arch: &#039;amd64&#039;, os.version: &#039;10.0&#039;, java.version: &#039;21.0.9&#039;
Driver info: org.openqa.selenium.chrome.ChromeDriver
Command: [null, findElements {value=//li[contains(@class,&#039;product-base&#039;)], using=xpath}]
Capabilities {acceptInsecureCerts: false, browserName: chrome, browserVersion: 147.0.7727.102, chrome: {chromedriverVersion: 147.0.7727.117 (474cc805edd..., userDataDir: C:\Users\Hp\AppData\Local\T...}, fedcm:accounts: true, goog:chromeOptions: {debuggerAddress: localhost:51260}, goog:processID: 23696, networkConnectionEnabled: false, pageLoadStrategy: normal, platformName: windows, proxy: Proxy(), se:cdp: ws://localhost:51260/devtoo..., se:cdpVersion: 147.0.7727.102, setWindowRect: true, strictFileInteractability: false, timeouts: {implicit: 0, pageLoad: 300000, script: 30000}, unhandledPromptBehavior: dismiss and notify, webauthn:extension:credBlob: true, webauthn:extension:largeBlob: true, webauthn:extension:minPinLength: true, webauthn:extension:prf: true, webauthn:virtualAuthenticators: true}" type="org.openqa.selenium.NoSuchSessionException">
      <![CDATA[org.openqa.selenium.NoSuchSessionException: Session ID is null. Using WebDriver after calling quit()?
Build info: version: '4.38.0', revision: '6b412e825c*'
System info: os.name: 'Windows 11', os.arch: 'amd64', os.version: '10.0', java.version: '21.0.9'
Driver info: org.openqa.selenium.chrome.ChromeDriver
Command: [null, findElements {value=//li[contains(@class,'product-base')], using=xpath}]
Capabilities {acceptInsecureCerts: false, browserName: chrome, browserVersion: 147.0.7727.102, chrome: {chromedriverVersion: 147.0.7727.117 (474cc805edd..., userDataDir: C:\Users\Hp\AppData\Local\T...}, fedcm:accounts: true, goog:chromeOptions: {debuggerAddress: localhost:51260}, goog:processID: 23696, networkConnectionEnabled: false, pageLoadStrategy: normal, platformName: windows, proxy: Proxy(), se:cdp: ws://localhost:51260/devtoo..., se:cdpVersion: 147.0.7727.102, setWindowRect: true, strictFileInteractability: false, timeouts: {implicit: 0, pageLoad: 300000, script: 30000}, unhandledPromptBehavior: dismiss and notify, webauthn:extension:credBlob: true, webauthn:extension:largeBlob: true, webauthn:extension:minPinLength: true, webauthn:extension:prf: true, webauthn:virtualAuthenticators: true}
at org.openqa.selenium.remote.HttpCommandExecutor.execute(HttpCommandExecutor.java:176)
at org.openqa.selenium.remote.service.DriverCommandExecutor.invokeExecute(DriverCommandExecutor.java:216)
at org.openqa.selenium.remote.service.DriverCommandExecutor.execute(DriverCommandExecutor.java:174)
at org.openqa.selenium.remote.RemoteWebDriver.execute(RemoteWebDriver.java:557)
at org.openqa.selenium.remote.ElementLocation$ElementFinder$2.findElements(ElementLocation.java:182)
at org.openqa.selenium.remote.ElementLocation.findElements(ElementLocation.java:103)
at org.openqa.selenium.remote.RemoteWebDriver.findElements(RemoteWebDriver.java:393)
at org.openqa.selenium.remote.RemoteWebDriver.findElements(RemoteWebDriver.java:387)
at org.openqa.selenium.support.ui.ExpectedConditions$34.apply(ExpectedConditions.java:960)
at org.openqa.selenium.support.ui.ExpectedConditions$34.apply(ExpectedConditions.java:955)
at org.openqa.selenium.support.ui.FluentWait.until(FluentWait.java:203)
at com.myntra.utils.WaitFor.waitForListToLoadBy(WaitFor.java:93)
at com.mynta.homemenupages.ProductDetailsPage.navigateToProductDetailsPage(ProductDetailsPage.java:75)
at com.myntra.stepdefinitions.ProductDetailsPageSteps.user_navigates_to_pdp(ProductDetailsPageSteps.java:13)
at ✽.User navigates to Product Details Page(file:///C:/Users/Hp/workspaces/myntra_project/myntra_project/src/test/resources/Features/ProductDetailsPage.feature:4)
]]>
    </error>
  </testcase> <!-- runScenario -->
  <testcase classname="com.myntra.home_menu_runner.HomePageRunner" name="runScenario" time="8.235">
    <error message="Session ID is null. Using WebDriver after calling quit()?
Build info: version: &#039;4.38.0&#039;, revision: &#039;6b412e825c*&#039;
System info: os.name: &#039;Windows 11&#039;, os.arch: &#039;amd64&#039;, os.version: &#039;10.0&#039;, java.version: &#039;21.0.9&#039;
Driver info: org.openqa.selenium.chrome.ChromeDriver
Command: [null, findElements {value=//li[contains(@class,&#039;product-base&#039;)], using=xpath}]
Capabilities {acceptInsecureCerts: false, browserName: chrome, browserVersion: 147.0.7727.102, chrome: {chromedriverVersion: 147.0.7727.117 (474cc805edd..., userDataDir: C:\Users\Hp\AppData\Local\T...}, fedcm:accounts: true, goog:chromeOptions: {debuggerAddress: localhost:51260}, goog:processID: 23696, networkConnectionEnabled: false, pageLoadStrategy: normal, platformName: windows, proxy: Proxy(), se:cdp: ws://localhost:51260/devtoo..., se:cdpVersion: 147.0.7727.102, setWindowRect: true, strictFileInteractability: false, timeouts: {implicit: 0, pageLoad: 300000, script: 30000}, unhandledPromptBehavior: dismiss and notify, webauthn:extension:credBlob: true, webauthn:extension:largeBlob: true, webauthn:extension:minPinLength: true, webauthn:extension:prf: true, webauthn:virtualAuthenticators: true}" type="org.openqa.selenium.NoSuchSessionException">
      <![CDATA[org.openqa.selenium.NoSuchSessionException: Session ID is null. Using WebDriver after calling quit()?
Build info: version: '4.38.0', revision: '6b412e825c*'
System info: os.name: 'Windows 11', os.arch: 'amd64', os.version: '10.0', java.version: '21.0.9'
Driver info: org.openqa.selenium.chrome.ChromeDriver
Command: [null, findElements {value=//li[contains(@class,'product-base')], using=xpath}]
Capabilities {acceptInsecureCerts: false, browserName: chrome, browserVersion: 147.0.7727.102, chrome: {chromedriverVersion: 147.0.7727.117 (474cc805edd..., userDataDir: C:\Users\Hp\AppData\Local\T...}, fedcm:accounts: true, goog:chromeOptions: {debuggerAddress: localhost:51260}, goog:processID: 23696, networkConnectionEnabled: false, pageLoadStrategy: normal, platformName: windows, proxy: Proxy(), se:cdp: ws://localhost:51260/devtoo..., se:cdpVersion: 147.0.7727.102, setWindowRect: true, strictFileInteractability: false, timeouts: {implicit: 0, pageLoad: 300000, script: 30000}, unhandledPromptBehavior: dismiss and notify, webauthn:extension:credBlob: true, webauthn:extension:largeBlob: true, webauthn:extension:minPinLength: true, webauthn:extension:prf: true, webauthn:virtualAuthenticators: true}
at org.openqa.selenium.remote.HttpCommandExecutor.execute(HttpCommandExecutor.java:176)
at org.openqa.selenium.remote.service.DriverCommandExecutor.invokeExecute(DriverCommandExecutor.java:216)
at org.openqa.selenium.remote.service.DriverCommandExecutor.execute(DriverCommandExecutor.java:174)
at org.openqa.selenium.remote.RemoteWebDriver.execute(RemoteWebDriver.java:557)
at org.openqa.selenium.remote.ElementLocation$ElementFinder$2.findElements(ElementLocation.java:182)
at org.openqa.selenium.remote.ElementLocation.findElements(ElementLocation.java:103)
at org.openqa.selenium.remote.RemoteWebDriver.findElements(RemoteWebDriver.java:393)
at org.openqa.selenium.remote.RemoteWebDriver.findElements(RemoteWebDriver.java:387)
at org.openqa.selenium.support.ui.ExpectedConditions$34.apply(ExpectedConditions.java:960)
at org.openqa.selenium.support.ui.ExpectedConditions$34.apply(ExpectedConditions.java:955)
at org.openqa.selenium.support.ui.FluentWait.until(FluentWait.java:203)
at com.myntra.utils.WaitFor.waitForListToLoadBy(WaitFor.java:93)
at com.mynta.homemenupages.ProductDetailsPage.navigateToProductDetailsPage(ProductDetailsPage.java:75)
at com.myntra.stepdefinitions.ProductDetailsPageSteps.user_navigates_to_pdp(ProductDetailsPageSteps.java:13)
at ✽.User navigates to Product Details Page(file:///C:/Users/Hp/workspaces/myntra_project/myntra_project/src/test/resources/Features/ProductDetailsPage.feature:4)
]]>
    </error>
  </testcase> <!-- runScenario -->
  <testcase classname="com.myntra.home_menu_runner.HomePageRunner" name="runScenario" time="9.615"/>
  <testcase classname="com.myntra.home_menu_runner.HomePageRunner" name="runScenario" time="9.428">
    <error message="Session ID is null. Using WebDriver after calling quit()?
Build info: version: &#039;4.38.0&#039;, revision: &#039;6b412e825c*&#039;
System info: os.name: &#039;Windows 11&#039;, os.arch: &#039;amd64&#039;, os.version: &#039;10.0&#039;, java.version: &#039;21.0.9&#039;
Driver info: org.openqa.selenium.chrome.ChromeDriver
Command: [null, findElements {value=//li[contains(@class,&#039;product-base&#039;)], using=xpath}]
Capabilities {acceptInsecureCerts: false, browserName: chrome, browserVersion: 147.0.7727.102, chrome: {chromedriverVersion: 147.0.7727.117 (474cc805edd..., userDataDir: C:\Users\Hp\AppData\Local\T...}, fedcm:accounts: true, goog:chromeOptions: {debuggerAddress: localhost:51260}, goog:processID: 23696, networkConnectionEnabled: false, pageLoadStrategy: normal, platformName: windows, proxy: Proxy(), se:cdp: ws://localhost:51260/devtoo..., se:cdpVersion: 147.0.7727.102, setWindowRect: true, strictFileInteractability: false, timeouts: {implicit: 0, pageLoad: 300000, script: 30000}, unhandledPromptBehavior: dismiss and notify, webauthn:extension:credBlob: true, webauthn:extension:largeBlob: true, webauthn:extension:minPinLength: true, webauthn:extension:prf: true, webauthn:virtualAuthenticators: true}" type="org.openqa.selenium.NoSuchSessionException">
      <![CDATA[org.openqa.selenium.NoSuchSessionException: Session ID is null. Using WebDriver after calling quit()?
Build info: version: '4.38.0', revision: '6b412e825c*'
System info: os.name: 'Windows 11', os.arch: 'amd64', os.version: '10.0', java.version: '21.0.9'
Driver info: org.openqa.selenium.chrome.ChromeDriver
Command: [null, findElements {value=//li[contains(@class,'product-base')], using=xpath}]
Capabilities {acceptInsecureCerts: false, browserName: chrome, browserVersion: 147.0.7727.102, chrome: {chromedriverVersion: 147.0.7727.117 (474cc805edd..., userDataDir: C:\Users\Hp\AppData\Local\T...}, fedcm:accounts: true, goog:chromeOptions: {debuggerAddress: localhost:51260}, goog:processID: 23696, networkConnectionEnabled: false, pageLoadStrategy: normal, platformName: windows, proxy: Proxy(), se:cdp: ws://localhost:51260/devtoo..., se:cdpVersion: 147.0.7727.102, setWindowRect: true, strictFileInteractability: false, timeouts: {implicit: 0, pageLoad: 300000, script: 30000}, unhandledPromptBehavior: dismiss and notify, webauthn:extension:credBlob: true, webauthn:extension:largeBlob: true, webauthn:extension:minPinLength: true, webauthn:extension:prf: true, webauthn:virtualAuthenticators: true}
at org.openqa.selenium.remote.HttpCommandExecutor.execute(HttpCommandExecutor.java:176)
at org.openqa.selenium.remote.service.DriverCommandExecutor.invokeExecute(DriverCommandExecutor.java:216)
at org.openqa.selenium.remote.service.DriverCommandExecutor.execute(DriverCommandExecutor.java:174)
at org.openqa.selenium.remote.RemoteWebDriver.execute(RemoteWebDriver.java:557)
at org.openqa.selenium.remote.ElementLocation$ElementFinder$2.findElements(ElementLocation.java:182)
at org.openqa.selenium.remote.ElementLocation.findElements(ElementLocation.java:103)
at org.openqa.selenium.remote.RemoteWebDriver.findElements(RemoteWebDriver.java:393)
at org.openqa.selenium.remote.RemoteWebDriver.findElements(RemoteWebDriver.java:387)
at org.openqa.selenium.support.ui.ExpectedConditions$34.apply(ExpectedConditions.java:960)
at org.openqa.selenium.support.ui.ExpectedConditions$34.apply(ExpectedConditions.java:955)
at org.openqa.selenium.support.ui.FluentWait.until(FluentWait.java:203)
at com.myntra.utils.WaitFor.waitForListToLoadBy(WaitFor.java:93)
at com.mynta.homemenupages.ProductDetailsPage.navigateToProductDetailsPage(ProductDetailsPage.java:75)
at com.myntra.stepdefinitions.ProductDetailsPageSteps.user_navigates_to_pdp(ProductDetailsPageSteps.java:13)
at ✽.User navigates to Product Details Page(file:///C:/Users/Hp/workspaces/myntra_project/myntra_project/src/test/resources/Features/ProductDetailsPage.feature:4)
]]>
    </error>
  </testcase> <!-- runScenario -->
  <testcase classname="com.myntra.home_menu_runner.HomePageRunner" name="runScenario" time="6.931">
    <error message="Session ID is null. Using WebDriver after calling quit()?
Build info: version: &#039;4.38.0&#039;, revision: &#039;6b412e825c*&#039;
System info: os.name: &#039;Windows 11&#039;, os.arch: &#039;amd64&#039;, os.version: &#039;10.0&#039;, java.version: &#039;21.0.9&#039;
Driver info: org.openqa.selenium.chrome.ChromeDriver
Command: [null, findElements {value=//li[contains(@class,&#039;product-base&#039;)], using=xpath}]
Capabilities {acceptInsecureCerts: false, browserName: chrome, browserVersion: 147.0.7727.102, chrome: {chromedriverVersion: 147.0.7727.117 (474cc805edd..., userDataDir: C:\Users\Hp\AppData\Local\T...}, fedcm:accounts: true, goog:chromeOptions: {debuggerAddress: localhost:51260}, goog:processID: 23696, networkConnectionEnabled: false, pageLoadStrategy: normal, platformName: windows, proxy: Proxy(), se:cdp: ws://localhost:51260/devtoo..., se:cdpVersion: 147.0.7727.102, setWindowRect: true, strictFileInteractability: false, timeouts: {implicit: 0, pageLoad: 300000, script: 30000}, unhandledPromptBehavior: dismiss and notify, webauthn:extension:credBlob: true, webauthn:extension:largeBlob: true, webauthn:extension:minPinLength: true, webauthn:extension:prf: true, webauthn:virtualAuthenticators: true}" type="org.openqa.selenium.NoSuchSessionException">
      <![CDATA[org.openqa.selenium.NoSuchSessionException: Session ID is null. Using WebDriver after calling quit()?
Build info: version: '4.38.0', revision: '6b412e825c*'
System info: os.name: 'Windows 11', os.arch: 'amd64', os.version: '10.0', java.version: '21.0.9'
Driver info: org.openqa.selenium.chrome.ChromeDriver
Command: [null, findElements {value=//li[contains(@class,'product-base')], using=xpath}]
Capabilities {acceptInsecureCerts: false, browserName: chrome, browserVersion: 147.0.7727.102, chrome: {chromedriverVersion: 147.0.7727.117 (474cc805edd..., userDataDir: C:\Users\Hp\AppData\Local\T...}, fedcm:accounts: true, goog:chromeOptions: {debuggerAddress: localhost:51260}, goog:processID: 23696, networkConnectionEnabled: false, pageLoadStrategy: normal, platformName: windows, proxy: Proxy(), se:cdp: ws://localhost:51260/devtoo..., se:cdpVersion: 147.0.7727.102, setWindowRect: true, strictFileInteractability: false, timeouts: {implicit: 0, pageLoad: 300000, script: 30000}, unhandledPromptBehavior: dismiss and notify, webauthn:extension:credBlob: true, webauthn:extension:largeBlob: true, webauthn:extension:minPinLength: true, webauthn:extension:prf: true, webauthn:virtualAuthenticators: true}
at org.openqa.selenium.remote.HttpCommandExecutor.execute(HttpCommandExecutor.java:176)
at org.openqa.selenium.remote.service.DriverCommandExecutor.invokeExecute(DriverCommandExecutor.java:216)
at org.openqa.selenium.remote.service.DriverCommandExecutor.execute(DriverCommandExecutor.java:174)
at org.openqa.selenium.remote.RemoteWebDriver.execute(RemoteWebDriver.java:557)
at org.openqa.selenium.remote.ElementLocation$ElementFinder$2.findElements(ElementLocation.java:182)
at org.openqa.selenium.remote.ElementLocation.findElements(ElementLocation.java:103)
at org.openqa.selenium.remote.RemoteWebDriver.findElements(RemoteWebDriver.java:393)
at org.openqa.selenium.remote.RemoteWebDriver.findElements(RemoteWebDriver.java:387)
at org.openqa.selenium.support.ui.ExpectedConditions$34.apply(ExpectedConditions.java:960)
at org.openqa.selenium.support.ui.ExpectedConditions$34.apply(ExpectedConditions.java:955)
at org.openqa.selenium.support.ui.FluentWait.until(FluentWait.java:203)
at com.myntra.utils.WaitFor.waitForListToLoadBy(WaitFor.java:93)
at com.mynta.homemenupages.ProductDetailsPage.navigateToProductDetailsPage(ProductDetailsPage.java:75)
at com.myntra.stepdefinitions.ProductDetailsPageSteps.user_navigates_to_pdp(ProductDetailsPageSteps.java:13)
at ✽.User navigates to Product Details Page(file:///C:/Users/Hp/workspaces/myntra_project/myntra_project/src/test/resources/Features/ProductDetailsPage.feature:4)
]]>
    </error>
  </testcase> <!-- runScenario -->
  <testcase classname="com.myntra.home_menu_runner.HomePageRunner" name="runScenario" time="9.434">
    <error message="Session ID is null. Using WebDriver after calling quit()?
Build info: version: &#039;4.38.0&#039;, revision: &#039;6b412e825c*&#039;
System info: os.name: &#039;Windows 11&#039;, os.arch: &#039;amd64&#039;, os.version: &#039;10.0&#039;, java.version: &#039;21.0.9&#039;
Driver info: org.openqa.selenium.chrome.ChromeDriver
Command: [null, findElements {value=//li[contains(@class,&#039;product-base&#039;)], using=xpath}]
Capabilities {acceptInsecureCerts: false, browserName: chrome, browserVersion: 147.0.7727.102, chrome: {chromedriverVersion: 147.0.7727.117 (474cc805edd..., userDataDir: C:\Users\Hp\AppData\Local\T...}, fedcm:accounts: true, goog:chromeOptions: {debuggerAddress: localhost:51260}, goog:processID: 23696, networkConnectionEnabled: false, pageLoadStrategy: normal, platformName: windows, proxy: Proxy(), se:cdp: ws://localhost:51260/devtoo..., se:cdpVersion: 147.0.7727.102, setWindowRect: true, strictFileInteractability: false, timeouts: {implicit: 0, pageLoad: 300000, script: 30000}, unhandledPromptBehavior: dismiss and notify, webauthn:extension:credBlob: true, webauthn:extension:largeBlob: true, webauthn:extension:minPinLength: true, webauthn:extension:prf: true, webauthn:virtualAuthenticators: true}" type="org.openqa.selenium.NoSuchSessionException">
      <![CDATA[org.openqa.selenium.NoSuchSessionException: Session ID is null. Using WebDriver after calling quit()?
Build info: version: '4.38.0', revision: '6b412e825c*'
System info: os.name: 'Windows 11', os.arch: 'amd64', os.version: '10.0', java.version: '21.0.9'
Driver info: org.openqa.selenium.chrome.ChromeDriver
Command: [null, findElements {value=//li[contains(@class,'product-base')], using=xpath}]
Capabilities {acceptInsecureCerts: false, browserName: chrome, browserVersion: 147.0.7727.102, chrome: {chromedriverVersion: 147.0.7727.117 (474cc805edd..., userDataDir: C:\Users\Hp\AppData\Local\T...}, fedcm:accounts: true, goog:chromeOptions: {debuggerAddress: localhost:51260}, goog:processID: 23696, networkConnectionEnabled: false, pageLoadStrategy: normal, platformName: windows, proxy: Proxy(), se:cdp: ws://localhost:51260/devtoo..., se:cdpVersion: 147.0.7727.102, setWindowRect: true, strictFileInteractability: false, timeouts: {implicit: 0, pageLoad: 300000, script: 30000}, unhandledPromptBehavior: dismiss and notify, webauthn:extension:credBlob: true, webauthn:extension:largeBlob: true, webauthn:extension:minPinLength: true, webauthn:extension:prf: true, webauthn:virtualAuthenticators: true}
at org.openqa.selenium.remote.HttpCommandExecutor.execute(HttpCommandExecutor.java:176)
at org.openqa.selenium.remote.service.DriverCommandExecutor.invokeExecute(DriverCommandExecutor.java:216)
at org.openqa.selenium.remote.service.DriverCommandExecutor.execute(DriverCommandExecutor.java:174)
at org.openqa.selenium.remote.RemoteWebDriver.execute(RemoteWebDriver.java:557)
at org.openqa.selenium.remote.ElementLocation$ElementFinder$2.findElements(ElementLocation.java:182)
at org.openqa.selenium.remote.ElementLocation.findElements(ElementLocation.java:103)
at org.openqa.selenium.remote.RemoteWebDriver.findElements(RemoteWebDriver.java:393)
at org.openqa.selenium.remote.RemoteWebDriver.findElements(RemoteWebDriver.java:387)
at org.openqa.selenium.support.ui.ExpectedConditions$34.apply(ExpectedConditions.java:960)
at org.openqa.selenium.support.ui.ExpectedConditions$34.apply(ExpectedConditions.java:955)
at org.openqa.selenium.support.ui.FluentWait.until(FluentWait.java:203)
at com.myntra.utils.WaitFor.waitForListToLoadBy(WaitFor.java:93)
at com.mynta.homemenupages.ProductDetailsPage.navigateToProductDetailsPage(ProductDetailsPage.java:75)
at com.myntra.stepdefinitions.ProductDetailsPageSteps.user_navigates_to_pdp(ProductDetailsPageSteps.java:13)
at ✽.User navigates to Product Details Page(file:///C:/Users/Hp/workspaces/myntra_project/myntra_project/src/test/resources/Features/ProductDetailsPage.feature:4)
]]>
    </error>
  </testcase> <!-- runScenario -->
  <testcase classname="com.myntra.home_menu_runner.HomePageRunner" name="runScenario" time="6.899">
    <error message="Session ID is null. Using WebDriver after calling quit()?
Build info: version: &#039;4.38.0&#039;, revision: &#039;6b412e825c*&#039;
System info: os.name: &#039;Windows 11&#039;, os.arch: &#039;amd64&#039;, os.version: &#039;10.0&#039;, java.version: &#039;21.0.9&#039;
Driver info: org.openqa.selenium.chrome.ChromeDriver
Command: [null, findElements {value=//li[contains(@class,&#039;product-base&#039;)], using=xpath}]
Capabilities {acceptInsecureCerts: false, browserName: chrome, browserVersion: 147.0.7727.102, chrome: {chromedriverVersion: 147.0.7727.117 (474cc805edd..., userDataDir: C:\Users\Hp\AppData\Local\T...}, fedcm:accounts: true, goog:chromeOptions: {debuggerAddress: localhost:51260}, goog:processID: 23696, networkConnectionEnabled: false, pageLoadStrategy: normal, platformName: windows, proxy: Proxy(), se:cdp: ws://localhost:51260/devtoo..., se:cdpVersion: 147.0.7727.102, setWindowRect: true, strictFileInteractability: false, timeouts: {implicit: 0, pageLoad: 300000, script: 30000}, unhandledPromptBehavior: dismiss and notify, webauthn:extension:credBlob: true, webauthn:extension:largeBlob: true, webauthn:extension:minPinLength: true, webauthn:extension:prf: true, webauthn:virtualAuthenticators: true}" type="org.openqa.selenium.NoSuchSessionException">
      <![CDATA[org.openqa.selenium.NoSuchSessionException: Session ID is null. Using WebDriver after calling quit()?
Build info: version: '4.38.0', revision: '6b412e825c*'
System info: os.name: 'Windows 11', os.arch: 'amd64', os.version: '10.0', java.version: '21.0.9'
Driver info: org.openqa.selenium.chrome.ChromeDriver
Command: [null, findElements {value=//li[contains(@class,'product-base')], using=xpath}]
Capabilities {acceptInsecureCerts: false, browserName: chrome, browserVersion: 147.0.7727.102, chrome: {chromedriverVersion: 147.0.7727.117 (474cc805edd..., userDataDir: C:\Users\Hp\AppData\Local\T...}, fedcm:accounts: true, goog:chromeOptions: {debuggerAddress: localhost:51260}, goog:processID: 23696, networkConnectionEnabled: false, pageLoadStrategy: normal, platformName: windows, proxy: Proxy(), se:cdp: ws://localhost:51260/devtoo..., se:cdpVersion: 147.0.7727.102, setWindowRect: true, strictFileInteractability: false, timeouts: {implicit: 0, pageLoad: 300000, script: 30000}, unhandledPromptBehavior: dismiss and notify, webauthn:extension:credBlob: true, webauthn:extension:largeBlob: true, webauthn:extension:minPinLength: true, webauthn:extension:prf: true, webauthn:virtualAuthenticators: true}
at org.openqa.selenium.remote.HttpCommandExecutor.execute(HttpCommandExecutor.java:176)
at org.openqa.selenium.remote.service.DriverCommandExecutor.invokeExecute(DriverCommandExecutor.java:216)
at org.openqa.selenium.remote.service.DriverCommandExecutor.execute(DriverCommandExecutor.java:174)
at org.openqa.selenium.remote.RemoteWebDriver.execute(RemoteWebDriver.java:557)
at org.openqa.selenium.remote.ElementLocation$ElementFinder$2.findElements(ElementLocation.java:182)
at org.openqa.selenium.remote.ElementLocation.findElements(ElementLocation.java:103)
at org.openqa.selenium.remote.RemoteWebDriver.findElements(RemoteWebDriver.java:393)
at org.openqa.selenium.remote.RemoteWebDriver.findElements(RemoteWebDriver.java:387)
at org.openqa.selenium.support.ui.ExpectedConditions$34.apply(ExpectedConditions.java:960)
at org.openqa.selenium.support.ui.ExpectedConditions$34.apply(ExpectedConditions.java:955)
at org.openqa.selenium.support.ui.FluentWait.until(FluentWait.java:203)
at com.myntra.utils.WaitFor.waitForListToLoad(WaitFor.java:86)
at com.mynta.homemenupages.ProductListingPage.clickOnFirstProductImage(ProductListingPage.java:72)
at com.myntra.stepdefinitions.ProductListingPageSteps.click_first_product(ProductListingPageSteps.java:59)
at ✽.User clicks on first product(file:///C:/Users/Hp/workspaces/myntra_project/myntra_project/src/test/resources/Features/ProductListingPage.feature:14)
]]>
    </error>
  </testcase> <!-- runScenario -->
  <testcase classname="com.myntra.home_menu_runner.HomePageRunner" name="runScenario" time="9.223">
    <error message="Session ID is null. Using WebDriver after calling quit()?
Build info: version: &#039;4.38.0&#039;, revision: &#039;6b412e825c*&#039;
System info: os.name: &#039;Windows 11&#039;, os.arch: &#039;amd64&#039;, os.version: &#039;10.0&#039;, java.version: &#039;21.0.9&#039;
Driver info: org.openqa.selenium.chrome.ChromeDriver
Command: [null, findElements {value=//li[contains(@class,&#039;product-base&#039;)], using=xpath}]
Capabilities {acceptInsecureCerts: false, browserName: chrome, browserVersion: 147.0.7727.102, chrome: {chromedriverVersion: 147.0.7727.117 (474cc805edd..., userDataDir: C:\Users\Hp\AppData\Local\T...}, fedcm:accounts: true, goog:chromeOptions: {debuggerAddress: localhost:51260}, goog:processID: 23696, networkConnectionEnabled: false, pageLoadStrategy: normal, platformName: windows, proxy: Proxy(), se:cdp: ws://localhost:51260/devtoo..., se:cdpVersion: 147.0.7727.102, setWindowRect: true, strictFileInteractability: false, timeouts: {implicit: 0, pageLoad: 300000, script: 30000}, unhandledPromptBehavior: dismiss and notify, webauthn:extension:credBlob: true, webauthn:extension:largeBlob: true, webauthn:extension:minPinLength: true, webauthn:extension:prf: true, webauthn:virtualAuthenticators: true}" type="org.openqa.selenium.NoSuchSessionException">
      <![CDATA[org.openqa.selenium.NoSuchSessionException: Session ID is null. Using WebDriver after calling quit()?
Build info: version: '4.38.0', revision: '6b412e825c*'
System info: os.name: 'Windows 11', os.arch: 'amd64', os.version: '10.0', java.version: '21.0.9'
Driver info: org.openqa.selenium.chrome.ChromeDriver
Command: [null, findElements {value=//li[contains(@class,'product-base')], using=xpath}]
Capabilities {acceptInsecureCerts: false, browserName: chrome, browserVersion: 147.0.7727.102, chrome: {chromedriverVersion: 147.0.7727.117 (474cc805edd..., userDataDir: C:\Users\Hp\AppData\Local\T...}, fedcm:accounts: true, goog:chromeOptions: {debuggerAddress: localhost:51260}, goog:processID: 23696, networkConnectionEnabled: false, pageLoadStrategy: normal, platformName: windows, proxy: Proxy(), se:cdp: ws://localhost:51260/devtoo..., se:cdpVersion: 147.0.7727.102, setWindowRect: true, strictFileInteractability: false, timeouts: {implicit: 0, pageLoad: 300000, script: 30000}, unhandledPromptBehavior: dismiss and notify, webauthn:extension:credBlob: true, webauthn:extension:largeBlob: true, webauthn:extension:minPinLength: true, webauthn:extension:prf: true, webauthn:virtualAuthenticators: true}
at org.openqa.selenium.remote.HttpCommandExecutor.execute(HttpCommandExecutor.java:176)
at org.openqa.selenium.remote.service.DriverCommandExecutor.invokeExecute(DriverCommandExecutor.java:216)
at org.openqa.selenium.remote.service.DriverCommandExecutor.execute(DriverCommandExecutor.java:174)
at org.openqa.selenium.remote.RemoteWebDriver.execute(RemoteWebDriver.java:557)
at org.openqa.selenium.remote.ElementLocation$ElementFinder$2.findElements(ElementLocation.java:182)
at org.openqa.selenium.remote.ElementLocation.findElements(ElementLocation.java:103)
at org.openqa.selenium.remote.RemoteWebDriver.findElements(RemoteWebDriver.java:393)
at org.openqa.selenium.remote.RemoteWebDriver.findElements(RemoteWebDriver.java:387)
at org.openqa.selenium.support.ui.ExpectedConditions$34.apply(ExpectedConditions.java:960)
at org.openqa.selenium.support.ui.ExpectedConditions$34.apply(ExpectedConditions.java:955)
at org.openqa.selenium.support.ui.FluentWait.until(FluentWait.java:203)
at com.myntra.utils.WaitFor.waitForListToLoadBy(WaitFor.java:93)
at com.mynta.homemenupages.ProductDetailsPage.navigateToProductDetailsPage(ProductDetailsPage.java:75)
at com.myntra.stepdefinitions.ProductDetailsPageSteps.user_navigates_to_pdp(ProductDetailsPageSteps.java:13)
at ✽.User navigates to Product Details Page(file:///C:/Users/Hp/workspaces/myntra_project/myntra_project/src/test/resources/Features/ProductDetailsPage.feature:4)
]]>
    </error>
  </testcase> <!-- runScenario -->
  <testcase classname="com.myntra.home_menu_runner.HomePageRunner" name="runScenario" time="9.071">
    <error message="Session ID is null. Using WebDriver after calling quit()?
Build info: version: &#039;4.38.0&#039;, revision: &#039;6b412e825c*&#039;
System info: os.name: &#039;Windows 11&#039;, os.arch: &#039;amd64&#039;, os.version: &#039;10.0&#039;, java.version: &#039;21.0.9&#039;
Driver info: org.openqa.selenium.chrome.ChromeDriver
Command: [null, findElements {value=//li[contains(@class,&#039;product-base&#039;)], using=xpath}]
Capabilities {acceptInsecureCerts: false, browserName: chrome, browserVersion: 147.0.7727.102, chrome: {chromedriverVersion: 147.0.7727.117 (474cc805edd..., userDataDir: C:\Users\Hp\AppData\Local\T...}, fedcm:accounts: true, goog:chromeOptions: {debuggerAddress: localhost:51260}, goog:processID: 23696, networkConnectionEnabled: false, pageLoadStrategy: normal, platformName: windows, proxy: Proxy(), se:cdp: ws://localhost:51260/devtoo..., se:cdpVersion: 147.0.7727.102, setWindowRect: true, strictFileInteractability: false, timeouts: {implicit: 0, pageLoad: 300000, script: 30000}, unhandledPromptBehavior: dismiss and notify, webauthn:extension:credBlob: true, webauthn:extension:largeBlob: true, webauthn:extension:minPinLength: true, webauthn:extension:prf: true, webauthn:virtualAuthenticators: true}" type="org.openqa.selenium.NoSuchSessionException">
      <![CDATA[org.openqa.selenium.NoSuchSessionException: Session ID is null. Using WebDriver after calling quit()?
Build info: version: '4.38.0', revision: '6b412e825c*'
System info: os.name: 'Windows 11', os.arch: 'amd64', os.version: '10.0', java.version: '21.0.9'
Driver info: org.openqa.selenium.chrome.ChromeDriver
Command: [null, findElements {value=//li[contains(@class,'product-base')], using=xpath}]
Capabilities {acceptInsecureCerts: false, browserName: chrome, browserVersion: 147.0.7727.102, chrome: {chromedriverVersion: 147.0.7727.117 (474cc805edd..., userDataDir: C:\Users\Hp\AppData\Local\T...}, fedcm:accounts: true, goog:chromeOptions: {debuggerAddress: localhost:51260}, goog:processID: 23696, networkConnectionEnabled: false, pageLoadStrategy: normal, platformName: windows, proxy: Proxy(), se:cdp: ws://localhost:51260/devtoo..., se:cdpVersion: 147.0.7727.102, setWindowRect: true, strictFileInteractability: false, timeouts: {implicit: 0, pageLoad: 300000, script: 30000}, unhandledPromptBehavior: dismiss and notify, webauthn:extension:credBlob: true, webauthn:extension:largeBlob: true, webauthn:extension:minPinLength: true, webauthn:extension:prf: true, webauthn:virtualAuthenticators: true}
at org.openqa.selenium.remote.HttpCommandExecutor.execute(HttpCommandExecutor.java:176)
at org.openqa.selenium.remote.service.DriverCommandExecutor.invokeExecute(DriverCommandExecutor.java:216)
at org.openqa.selenium.remote.service.DriverCommandExecutor.execute(DriverCommandExecutor.java:174)
at org.openqa.selenium.remote.RemoteWebDriver.execute(RemoteWebDriver.java:557)
at org.openqa.selenium.remote.ElementLocation$ElementFinder$2.findElements(ElementLocation.java:182)
at org.openqa.selenium.remote.ElementLocation.findElements(ElementLocation.java:103)
at org.openqa.selenium.remote.RemoteWebDriver.findElements(RemoteWebDriver.java:393)
at org.openqa.selenium.remote.RemoteWebDriver.findElements(RemoteWebDriver.java:387)
at org.openqa.selenium.support.ui.ExpectedConditions$34.apply(ExpectedConditions.java:960)
at org.openqa.selenium.support.ui.ExpectedConditions$34.apply(ExpectedConditions.java:955)
at org.openqa.selenium.support.ui.FluentWait.until(FluentWait.java:203)
at com.myntra.utils.WaitFor.waitForListToLoadBy(WaitFor.java:93)
at com.mynta.homemenupages.ProductDetailsPage.navigateToProductDetailsPage(ProductDetailsPage.java:75)
at com.myntra.stepdefinitions.ProductDetailsPageSteps.user_navigates_to_pdp(ProductDetailsPageSteps.java:13)
at ✽.User navigates to Product Details Page(file:///C:/Users/Hp/workspaces/myntra_project/myntra_project/src/test/resources/Features/ProductDetailsPage.feature:4)
]]>
    </error>
  </testcase> <!-- runScenario -->
</testsuite> <!-- com.myntra.home_menu_runner.HomePageRunner -->
