<?xml version="1.0" encoding="UTF-8"?>
<!-- Generated by org.testng.reporters.JUnitReportReporter -->
<testsuite hostname="DESKTOP-V2FPCC7" failures="1" tests="28" name="com.myntra.home_menu_runner.HomeMenuPageRunner" time="443.669" errors="1" timestamp="2026-04-26T06:44:46 IST" skipped="0">
  <testcase classname="com.myntra.home_menu_runner.HomeMenuPageRunner" name="runScenario" time="8.426"/>
  <testcase classname="com.myntra.home_menu_runner.HomeMenuPageRunner" name="runScenario" time="10.332">
    <failure message="expected [true] but found [false]" type="java.lang.AssertionError">
      <![CDATA[java.lang.AssertionError: expected [true] but found [false]
at org.testng.Assert.fail(Assert.java:111)
at org.testng.Assert.failNotEquals(Assert.java:1590)
at org.testng.Assert.assertTrue(Assert.java:57)
at org.testng.Assert.assertTrue(Assert.java:67)
at com.myntra.stepdefinitions.ProductDetailsPageSteps.verify_description_available(ProductDetailsPageSteps.java:83)
at ✽.Product description or specifications should be available(file:///D:/sapnadocuments/projectFrameworkbck/final22TestCases/myntra_project/src/test/resources/Features/ProductDetailsPage.feature:56)
]]>
    </failure>
  </testcase> <!-- runScenario -->
  <testcase classname="com.myntra.home_menu_runner.HomeMenuPageRunner" name="runScenario" time="10.389"/>
  <testcase classname="com.myntra.home_menu_runner.HomeMenuPageRunner" name="runScenario" time="6.835"/>
  <testcase classname="com.myntra.home_menu_runner.HomeMenuPageRunner" name="runScenario" time="11.248"/>
  <testcase classname="com.myntra.home_menu_runner.HomeMenuPageRunner" name="runScenario" time="7.988"/>
  <testcase classname="com.myntra.home_menu_runner.HomeMenuPageRunner" name="runScenario" time="9.369"/>
  <testcase classname="com.myntra.home_menu_runner.HomeMenuPageRunner" name="runScenario" time="70.338"/>
  <testcase classname="com.myntra.home_menu_runner.HomeMenuPageRunner" name="runScenario" time="5.967">
    <error message="Session ID is null. Using WebDriver after calling quit()?
Build info: version: &#039;4.38.0&#039;, revision: &#039;6b412e825c*&#039;
System info: os.name: &#039;Windows 11&#039;, os.arch: &#039;amd64&#039;, os.version: &#039;10.0&#039;, java.version: &#039;21.0.9&#039;
Driver info: org.openqa.selenium.chrome.ChromeDriver
Command: [null, findElement {value=//li[contains(@class,&#039;product-base&#039;)], using=xpath}]
Capabilities {acceptInsecureCerts: false, browserName: chrome, browserVersion: 147.0.7727.102, chrome: {chromedriverVersion: 147.0.7727.117 (474cc805edd..., userDataDir: C:\Users\Hp\AppData\Local\T...}, fedcm:accounts: true, goog:chromeOptions: {debuggerAddress: localhost:57297}, goog:processID: 17512, networkConnectionEnabled: false, pageLoadStrategy: normal, platformName: windows, proxy: Proxy(), se:cdp: ws://localhost:57297/devtoo..., se:cdpVersion: 147.0.7727.102, setWindowRect: true, strictFileInteractability: false, timeouts: {implicit: 0, pageLoad: 300000, script: 30000}, unhandledPromptBehavior: dismiss and notify, webauthn:extension:credBlob: true, webauthn:extension:largeBlob: true, webauthn:extension:minPinLength: true, webauthn:extension:prf: true, webauthn:virtualAuthenticators: true}" type="org.openqa.selenium.NoSuchSessionException">
      <![CDATA[org.openqa.selenium.NoSuchSessionException: Session ID is null. Using WebDriver after calling quit()?
Build info: version: '4.38.0', revision: '6b412e825c*'
System info: os.name: 'Windows 11', os.arch: 'amd64', os.version: '10.0', java.version: '21.0.9'
Driver info: org.openqa.selenium.chrome.ChromeDriver
Command: [null, findElement {value=//li[contains(@class,'product-base')], using=xpath}]
Capabilities {acceptInsecureCerts: false, browserName: chrome, browserVersion: 147.0.7727.102, chrome: {chromedriverVersion: 147.0.7727.117 (474cc805edd..., userDataDir: C:\Users\Hp\AppData\Local\T...}, fedcm:accounts: true, goog:chromeOptions: {debuggerAddress: localhost:57297}, goog:processID: 17512, networkConnectionEnabled: false, pageLoadStrategy: normal, platformName: windows, proxy: Proxy(), se:cdp: ws://localhost:57297/devtoo..., se:cdpVersion: 147.0.7727.102, setWindowRect: true, strictFileInteractability: false, timeouts: {implicit: 0, pageLoad: 300000, script: 30000}, unhandledPromptBehavior: dismiss and notify, webauthn:extension:credBlob: true, webauthn:extension:largeBlob: true, webauthn:extension:minPinLength: true, webauthn:extension:prf: true, webauthn:virtualAuthenticators: true}
at org.openqa.selenium.remote.HttpCommandExecutor.execute(HttpCommandExecutor.java:176)
at org.openqa.selenium.remote.service.DriverCommandExecutor.invokeExecute(DriverCommandExecutor.java:216)
at org.openqa.selenium.remote.service.DriverCommandExecutor.execute(DriverCommandExecutor.java:174)
at org.openqa.selenium.remote.RemoteWebDriver.execute(RemoteWebDriver.java:557)
at org.openqa.selenium.remote.ElementLocation$ElementFinder$2.findElement(ElementLocation.java:165)
at org.openqa.selenium.remote.ElementLocation.findElement(ElementLocation.java:59)
at org.openqa.selenium.remote.RemoteWebDriver.findElement(RemoteWebDriver.java:380)
at org.openqa.selenium.remote.RemoteWebDriver.findElement(RemoteWebDriver.java:374)
at org.openqa.selenium.support.ui.ExpectedConditions$6.apply(ExpectedConditions.java:174)
at org.openqa.selenium.support.ui.ExpectedConditions$6.apply(ExpectedConditions.java:171)
at org.openqa.selenium.support.ui.FluentWait.until(FluentWait.java:203)
at com.myntra.utils.WaitFor.presenceOfElementLocated(WaitFor.java:73)
at com.myntra.homemenupages.ProductListingPage.getTotalProductCount(ProductListingPage.java:58)
at com.myntra.stepdefinitions.ProductListingPageSteps.verify_products_loaded(ProductListingPageSteps.java:46)
at ✽.Product listing page should display products(file:///D:/sapnadocuments/projectFrameworkbck/final22TestCases/myntra_project/src/test/resources/Features/ProductListingPage.feature:9)
]]>
    </error>
  </testcase> <!-- runScenario -->
  <testcase classname="com.myntra.home_menu_runner.HomeMenuPageRunner" name="runScenario" time="8.781"/>
  <testcase classname="com.myntra.home_menu_runner.HomeMenuPageRunner" name="runScenario" time="8.647"/>
  <testcase classname="com.myntra.home_menu_runner.HomeMenuPageRunner" name="runScenario" time="8.486"/>
  <testcase classname="com.myntra.home_menu_runner.HomeMenuPageRunner" name="runScenario" time="13.287"/>
  <testcase classname="com.myntra.home_menu_runner.HomeMenuPageRunner" name="runScenario" time="68.174"/>
  <testcase classname="com.myntra.home_menu_runner.HomeMenuPageRunner" name="runScenario" time="7.627"/>
  <testcase classname="com.myntra.home_menu_runner.HomeMenuPageRunner" name="runScenario" time="8.683"/>
  <testcase classname="com.myntra.home_menu_runner.HomeMenuPageRunner" name="runScenario" time="8.563"/>
  <testcase classname="com.myntra.home_menu_runner.HomeMenuPageRunner" name="runScenario" time="8.322"/>
  <testcase classname="com.myntra.home_menu_runner.HomeMenuPageRunner" name="runScenario" time="11.466"/>
  <testcase classname="com.myntra.home_menu_runner.HomeMenuPageRunner" name="runScenario" time="9.444"/>
  <testcase classname="com.myntra.home_menu_runner.HomeMenuPageRunner" name="runScenario" time="11.836"/>
  <testcase classname="com.myntra.home_menu_runner.HomeMenuPageRunner" name="runScenario" time="68.691"/>
  <testcase classname="com.myntra.home_menu_runner.HomeMenuPageRunner" name="runScenario" time="9.684"/>
  <testcase classname="com.myntra.home_menu_runner.HomeMenuPageRunner" name="runScenario" time="10.646"/>
  <testcase classname="com.myntra.home_menu_runner.HomeMenuPageRunner" name="runScenario" time="11.129"/>
  <testcase classname="com.myntra.home_menu_runner.HomeMenuPageRunner" name="runScenario" time="10.585"/>
  <testcase classname="com.myntra.home_menu_runner.HomeMenuPageRunner" name="runScenario" time="9.112"/>
  <testcase classname="com.myntra.home_menu_runner.HomeMenuPageRunner" name="runScenario" time="9.614"/>
</testsuite> <!-- com.myntra.home_menu_runner.HomeMenuPageRunner -->
