<?xml version="1.0" encoding="UTF-8"?>
<!-- Generated by org.testng.reporters.JUnitReportReporter -->
<testsuite hostname="DESKTOP-V2FPCC7" failures="0" tests="6" name="org.myntra.home_menu.ProductDetailsPageTest" time="170.010" errors="0" timestamp="2026-04-24T04:52:40 IST" skipped="1">
  <testcase classname="org.myntra.home_menu.ProductDetailsPageTest" name="verifyDeliveryValidation" time="12.811"/>
  <testcase classname="org.myntra.home_menu.ProductDetailsPageTest" name="verifyDeliveryValidation" time="30.552"/>
  <testcase classname="org.myntra.home_menu.ProductDetailsPageTest" name="verifyDeliveryValidation" time="14.903"/>
  <testcase classname="org.myntra.home_menu.ProductDetailsPageTest" name="verifyDeliveryValidation" time="17.520"/>
  <testcase classname="org.myntra.home_menu.ProductDetailsPageTest" name="verifyDeliveryValidation" time="16.835"/>
  <testcase classname="org.myntra.home_menu.ProductDetailsPageTest" name="verifyDeliveryValidation" time="77.389">
    <skipped/>
  </testcase> <!-- verifyDeliveryValidation -->
</testsuite> <!-- org.myntra.home_menu.ProductDetailsPageTest -->
